::1 - - [11/Nov/2021:17:48:15 +0000] "GET /students HTTP/1.1" 200 793
::1 - - [11/Nov/2021:17:48:21 +0000] "GET /favicon.ico HTTP/1.1" 404 150
::ffff:127.0.0.1 - - [11/Nov/2021:17:48:48 +0000] "GET /students/ HTTP/1.1" 200 793
::ffff:127.0.0.1 - - [11/Nov/2021:17:48:58 +0000] "GET /students/search/Tolganay HTTP/1.1" 200 205
::ffff:127.0.0.1 - - [11/Nov/2021:17:49:01 +0000] "GET /students/6180e1b79be97b9da4d7242f HTTP/1.1" 200 4
::1 - - [11/Nov/2021:17:51:42 +0000] "GET /students HTTP/1.1" 304 -
::1 - - [11/Nov/2021:17:51:49 +0000] "GET /students HTTP/1.1" 304 -
::ffff:127.0.0.1 - - [11/Nov/2021:22:19:21 +0000] "GET /students/ HTTP/1.1" 200 793
::ffff:127.0.0.1 - - [11/Nov/2021:22:31:49 +0000] "GET /students/ HTTP/1.1" 200 793
::ffff:127.0.0.1 - - [11/Nov/2021:22:52:06 +0000] "GET /students/ HTTP/1.1" 200 793
::ffff:127.0.0.1 - - [12/Nov/2021:01:01:46 +0000] "GET /students/ HTTP/1.1" 200 793
::ffff:127.0.0.1 - - [12/Nov/2021:01:36:05 +0000] "GET /students/ HTTP/1.1" 200 793
::1 - - [12/Nov/2021:01:36:43 +0000] "GET /students/ HTTP/1.1" 200 793
::1 - - [12/Nov/2021:01:36:50 +0000] "GET /students/ HTTP/1.1" 304 -
::1 - - [12/Nov/2021:01:37:10 +0000] "GET /students/ HTTP/1.1" 304 -
::1 - - [12/Nov/2021:01:37:14 +0000] "GET /students/ HTTP/1.1" 304 -
::1 - - [12/Nov/2021:01:38:01 +0000] "GET /students/ HTTP/1.1" 304 -
::1 - - [12/Nov/2021:01:38:01 +0000] "GET /favicon.ico HTTP/1.1" 404 150
::1 - - [12/Nov/2021:01:38:30 +0000] "GET /students/ HTTP/1.1" 304 -
::1 - - [12/Nov/2021:01:39:50 +0000] "GET /students/ HTTP/1.1" 304 -
::1 - - [12/Nov/2021:01:39:51 +0000] "GET /students/ HTTP/1.1" 304 -
::1 - - [12/Nov/2021:01:39:56 +0000] "GET /students/ HTTP/1.1" 304 -
::1 - - [12/Nov/2021:01:40:12 +0000] "GET /students/ HTTP/1.1" 304 -
::1 - - [12/Nov/2021:01:40:23 +0000] "GET /students/ HTTP/1.1" 304 -
::1 - - [12/Nov/2021:01:40:29 +0000] "GET /students/ HTTP/1.1" 304 -
::1 - - [12/Nov/2021:01:41:24 +0000] "GET /students/ HTTP/1.1" 304 -
::1 - - [12/Nov/2021:01:41:25 +0000] "GET /students/ HTTP/1.1" 304 -
::1 - - [12/Nov/2021:01:41:50 +0000] "GET /students/ HTTP/1.1" 304 -
::1 - - [12/Nov/2021:01:41:54 +0000] "GET /students/ HTTP/1.1" 304 -
::1 - - [12/Nov/2021:01:42:23 +0000] "GET /students/ HTTP/1.1" 304 -
::1 - - [12/Nov/2021:01:42:26 +0000] "GET /students/ HTTP/1.1" 304 -
::1 - - [12/Nov/2021:01:42:28 +0000] "GET /students/ HTTP/1.1" 304 -
::1 - - [12/Nov/2021:01:42:30 +0000] "GET /students/ HTTP/1.1" 304 -
::1 - - [12/Nov/2021:01:42:31 +0000] "GET /students/ HTTP/1.1" 304 -
::1 - - [12/Nov/2021:01:43:00 +0000] "GET /students/ HTTP/1.1" 304 -
::1 - - [12/Nov/2021:01:43:02 +0000] "GET /students/ HTTP/1.1" 304 -
::1 - - [12/Nov/2021:01:43:15 +0000] "GET /students/ HTTP/1.1" 304 -
::1 - - [12/Nov/2021:01:43:36 +0000] "GET /students/ HTTP/1.1" 304 -
::1 - - [12/Nov/2021:01:43:48 +0000] "GET /students/ HTTP/1.1" 304 -
::1 - - [12/Nov/2021:01:44:05 +0000] "GET /students/ HTTP/1.1" 304 -
::1 - - [12/Nov/2021:01:44:26 +0000] "GET /students/ HTTP/1.1" 304 -
::1 - - [12/Nov/2021:01:44:36 +0000] "GET /students/ HTTP/1.1" 304 -
::1 - - [12/Nov/2021:01:44:38 +0000] "GET /students/ HTTP/1.1" 304 -
::1 - - [12/Nov/2021:01:44:48 +0000] "GET /students/ HTTP/1.1" 304 -
::1 - - [12/Nov/2021:01:44:54 +0000] "GET /students/ HTTP/1.1" 304 -
::1 - - [12/Nov/2021:01:44:56 +0000] "GET /students/ HTTP/1.1" 304 -
::1 - - [12/Nov/2021:01:45:00 +0000] "GET /students/ HTTP/1.1" 304 -
::1 - - [12/Nov/2021:01:45:50 +0000] "GET /students/ HTTP/1.1" 304 -
::1 - - [12/Nov/2021:01:45:51 +0000] "GET /students/ HTTP/1.1" 304 -
::1 - - [12/Nov/2021:01:46:22 +0000] "GET /students/ HTTP/1.1" 304 -
::1 - - [12/Nov/2021:01:46:27 +0000] "GET /students/ HTTP/1.1" 304 -
::1 - - [12/Nov/2021:01:50:14 +0000] "GET /students/ HTTP/1.1" 304 -
::1 - - [12/Nov/2021:01:50:43 +0000] "GET /students/ HTTP/1.1" 304 -
::1 - - [12/Nov/2021:01:50:47 +0000] "GET /students/ HTTP/1.1" 304 -
::1 - - [12/Nov/2021:01:51:27 +0000] "GET /students/ HTTP/1.1" 304 -
::1 - - [12/Nov/2021:01:51:31 +0000] "GET /students/ HTTP/1.1" 304 -
::1 - - [12/Nov/2021:01:54:21 +0000] "GET /students/ HTTP/1.1" 304 -
::1 - - [12/Nov/2021:01:54:25 +0000] "GET /students/ HTTP/1.1" 304 -
::1 - - [12/Nov/2021:01:54:55 +0000] "GET /students/ HTTP/1.1" 304 -
::1 - - [12/Nov/2021:01:55:36 +0000] "GET /students/ HTTP/1.1" 304 -
::1 - - [12/Nov/2021:01:55:38 +0000] "GET /students/ HTTP/1.1" 304 -
::1 - - [12/Nov/2021:01:55:49 +0000] "GET /students/ HTTP/1.1" 304 -
::ffff:127.0.0.1 - - [12/Nov/2021:01:56:24 +0000] "DELETE /students/6180d15768c27b4ae321e431 HTTP/1.1" 200 38
::1 - - [12/Nov/2021:01:57:02 +0000] "GET /students/ HTTP/1.1" 304 -
::1 - - [12/Nov/2021:01:57:07 +0000] "GET /students/ HTTP/1.1" 304 -
::1 - - [12/Nov/2021:01:57:21 +0000] "GET /students/ HTTP/1.1" 304 -
::1 - - [12/Nov/2021:01:58:03 +0000] "GET /students/ HTTP/1.1" 304 -
::1 - - [12/Nov/2021:01:58:23 +0000] "GET /students/ HTTP/1.1" 304 -
::1 - - [12/Nov/2021:01:58:27 +0000] "GET /students/ HTTP/1.1" 304 -
::1 - - [12/Nov/2021:01:58:52 +0000] "GET /students/ HTTP/1.1" 304 -
::1 - - [12/Nov/2021:01:58:58 +0000] "GET /students/ HTTP/1.1" 304 -
::1 - - [12/Nov/2021:01:59:03 +0000] "GET /students/ HTTP/1.1" 304 -
::1 - - [12/Nov/2021:01:59:05 +0000] "OPTIONS /students/6180d16368c27b4ae321e432 HTTP/1.1" 204 0
::1 - - [12/Nov/2021:01:59:05 +0000] "DELETE /students/6180d16368c27b4ae321e432 HTTP/1.1" 200 38
::1 - - [12/Nov/2021:01:59:16 +0000] "OPTIONS /students/6180d16368c27b4ae321e432 HTTP/1.1" 204 0
::1 - - [12/Nov/2021:01:59:16 +0000] "DELETE /students/6180d16368c27b4ae321e432 HTTP/1.1" 200 38
::1 - - [12/Nov/2021:01:59:34 +0000] "GET /students/ HTTP/1.1" 200 694
::1 - - [12/Nov/2021:01:59:37 +0000] "GET /students/ HTTP/1.1" 304 -
::1 - - [12/Nov/2021:01:59:43 +0000] "OPTIONS /students/6180d16968c27b4ae321e433 HTTP/1.1" 204 0
::1 - - [12/Nov/2021:01:59:43 +0000] "DELETE /students/6180d16968c27b4ae321e433 HTTP/1.1" 200 38
::1 - - [12/Nov/2021:01:59:47 +0000] "GET /students/ HTTP/1.1" 200 594
::1 - - [12/Nov/2021:02:00:01 +0000] "GET /students/ HTTP/1.1" 304 -
::1 - - [12/Nov/2021:02:00:12 +0000] "GET /students/ HTTP/1.1" 304 -
::1 - - [12/Nov/2021:02:00:14 +0000] "GET /students/ HTTP/1.1" 304 -
::1 - - [12/Nov/2021:02:00:15 +0000] "OPTIONS /students/6180d7b868c27b4ae321e434 HTTP/1.1" 204 0
::1 - - [12/Nov/2021:02:00:15 +0000] "GET /students/ HTTP/1.1" 304 -
::1 - - [12/Nov/2021:02:00:15 +0000] "DELETE /students/6180d7b868c27b4ae321e434 HTTP/1.1" 200 38
::1 - - [12/Nov/2021:02:00:31 +0000] "GET /students/ HTTP/1.1" 200 491
::1 - - [12/Nov/2021:02:00:43 +0000] "GET /students/ HTTP/1.1" 304 -
::1 - - [12/Nov/2021:02:00:46 +0000] "GET /students/ HTTP/1.1" 304 -
::1 - - [12/Nov/2021:02:01:09 +0000] "GET /students/ HTTP/1.1" 304 -
::1 - - [12/Nov/2021:02:01:11 +0000] "GET /students/ HTTP/1.1" 304 -
::1 - - [12/Nov/2021:02:01:13 +0000] "GET /students/ HTTP/1.1" 304 -
::1 - - [12/Nov/2021:02:01:18 +0000] "OPTIONS /students/6180dfc8dcf34e2eea904a55 HTTP/1.1" 204 0
::1 - - [12/Nov/2021:02:01:18 +0000] "DELETE /students/6180dfc8dcf34e2eea904a55 HTTP/1.1" 200 38
::1 - - [12/Nov/2021:02:01:56 +0000] "GET /students/ HTTP/1.1" 200 412
::1 - - [12/Nov/2021:02:02:00 +0000] "GET /students/ HTTP/1.1" 304 -
::1 - - [12/Nov/2021:02:02:03 +0000] "GET /students/ HTTP/1.1" 304 -
::1 - - [12/Nov/2021:02:02:07 +0000] "OPTIONS /students/6180e2a45fc545cb5e9bbecd HTTP/1.1" 204 0
::1 - - [12/Nov/2021:02:02:07 +0000] "DELETE /students/6180e2a45fc545cb5e9bbecd HTTP/1.1" 200 38
::1 - - [12/Nov/2021:02:03:05 +0000] "GET /students/ HTTP/1.1" 200 309
::1 - - [12/Nov/2021:02:04:22 +0000] "GET /students/ HTTP/1.1" 304 -
::1 - - [12/Nov/2021:02:05:11 +0000] "GET /students/ HTTP/1.1" 304 -
::1 - - [12/Nov/2021:02:05:15 +0000] "GET /students/ HTTP/1.1" 304 -
::1 - - [12/Nov/2021:02:05:35 +0000] "GET /students/ HTTP/1.1" 304 -
::1 - - [12/Nov/2021:02:06:22 +0000] "GET /students/ HTTP/1.1" 304 -
::1 - - [12/Nov/2021:02:07:36 +0000] "GET /students/ HTTP/1.1" 304 -
::1 - - [12/Nov/2021:02:07:40 +0000] "GET /students/ HTTP/1.1" 304 -
::1 - - [12/Nov/2021:02:07:56 +0000] "GET /students/ HTTP/1.1" 304 -
::1 - - [12/Nov/2021:02:08:15 +0000] "GET /students/ HTTP/1.1" 304 -
::1 - - [12/Nov/2021:02:08:18 +0000] "GET /students/ HTTP/1.1" 304 -
::1 - - [12/Nov/2021:02:08:20 +0000] "OPTIONS /students/6180e1869be97b9da4d7242e HTTP/1.1" 204 0
::1 - - [12/Nov/2021:02:08:20 +0000] "GET /students/ HTTP/1.1" 304 -
::1 - - [12/Nov/2021:02:08:20 +0000] "DELETE /students/6180e1869be97b9da4d7242e HTTP/1.1" 200 38
::1 - - [12/Nov/2021:02:08:27 +0000] "GET /students/ HTTP/1.1" 200 208
::1 - - [12/Nov/2021:02:09:53 +0000] "GET /students/ HTTP/1.1" 304 -
::1 - - [12/Nov/2021:02:11:08 +0000] "GET /students/ HTTP/1.1" 304 -
::1 - - [12/Nov/2021:02:11:10 +0000] "GET /students/ HTTP/1.1" 304 -
::1 - - [12/Nov/2021:02:11:14 +0000] "GET /students/ HTTP/1.1" 304 -
::1 - - [12/Nov/2021:02:11:24 +0000] "GET /students/ HTTP/1.1" 304 -
::1 - - [12/Nov/2021:02:11:34 +0000] "GET /students/ HTTP/1.1" 304 -
::1 - - [12/Nov/2021:02:11:39 +0000] "OPTIONS /students/6180e1739be97b9da4d7242d HTTP/1.1" 204 0
::1 - - [12/Nov/2021:02:11:39 +0000] "DELETE /students/6180e1739be97b9da4d7242d HTTP/1.1" 200 38
::1 - - [12/Nov/2021:02:12:54 +0000] "GET /students/ HTTP/1.1" 200 104
::1 - - [12/Nov/2021:02:13:52 +0000] "GET /students/ HTTP/1.1" 304 -
::1 - - [12/Nov/2021:02:13:55 +0000] "GET /students/ HTTP/1.1" 304 -
::1 - - [12/Nov/2021:02:14:01 +0000] "GET /students/ HTTP/1.1" 304 -
::1 - - [12/Nov/2021:02:14:06 +0000] "GET /students/ HTTP/1.1" 304 -
::1 - - [12/Nov/2021:02:14:08 +0000] "OPTIONS /students/6180e16a9be97b9da4d7242c HTTP/1.1" 204 0
::1 - - [12/Nov/2021:02:14:08 +0000] "DELETE /students/6180e16a9be97b9da4d7242c HTTP/1.1" 200 38
::1 - - [12/Nov/2021:02:14:08 +0000] "GET /students/ HTTP/1.1" 200 2
::ffff:127.0.0.1 - - [12/Nov/2021:02:14:27 +0000] "POST /students HTTP/1.1" 201 101
::ffff:127.0.0.1 - - [12/Nov/2021:02:14:33 +0000] "POST /students HTTP/1.1" 201 101
::ffff:127.0.0.1 - - [12/Nov/2021:02:14:33 +0000] "POST /students HTTP/1.1" 201 101
::ffff:127.0.0.1 - - [12/Nov/2021:02:14:34 +0000] "POST /students HTTP/1.1" 201 101
::ffff:127.0.0.1 - - [12/Nov/2021:02:14:34 +0000] "POST /students HTTP/1.1" 201 101
::ffff:127.0.0.1 - - [12/Nov/2021:02:14:34 +0000] "POST /students HTTP/1.1" 201 101
::ffff:127.0.0.1 - - [12/Nov/2021:02:14:34 +0000] "POST /students HTTP/1.1" 201 101
::ffff:127.0.0.1 - - [12/Nov/2021:02:14:34 +0000] "POST /students HTTP/1.1" 201 101
::ffff:127.0.0.1 - - [12/Nov/2021:02:14:35 +0000] "POST /students HTTP/1.1" 201 101
::ffff:127.0.0.1 - - [12/Nov/2021:02:14:35 +0000] "POST /students HTTP/1.1" 201 101
::ffff:127.0.0.1 - - [12/Nov/2021:02:14:35 +0000] "POST /students HTTP/1.1" 201 101
::ffff:127.0.0.1 - - [12/Nov/2021:02:14:35 +0000] "POST /students HTTP/1.1" 201 101
::ffff:127.0.0.1 - - [12/Nov/2021:02:14:35 +0000] "POST /students HTTP/1.1" 201 101
::ffff:127.0.0.1 - - [12/Nov/2021:02:14:35 +0000] "POST /students HTTP/1.1" 201 101
::ffff:127.0.0.1 - - [12/Nov/2021:02:14:42 +0000] "POST /students HTTP/1.1" 201 101
::ffff:127.0.0.1 - - [12/Nov/2021:02:14:43 +0000] "POST /students HTTP/1.1" 201 101
::ffff:127.0.0.1 - - [12/Nov/2021:02:14:43 +0000] "POST /students HTTP/1.1" 201 101
::ffff:127.0.0.1 - - [12/Nov/2021:02:14:43 +0000] "POST /students HTTP/1.1" 201 101
::1 - - [12/Nov/2021:02:14:47 +0000] "GET /students/ HTTP/1.1" 200 1837
::1 - - [12/Nov/2021:02:14:50 +0000] "OPTIONS /students/618dce13841b17e46145808c HTTP/1.1" 204 0
::1 - - [12/Nov/2021:02:14:50 +0000] "DELETE /students/618dce13841b17e46145808c HTTP/1.1" 200 38
::1 - - [12/Nov/2021:02:14:50 +0000] "GET /students/ HTTP/1.1" 200 1735
::1 - - [12/Nov/2021:02:14:53 +0000] "OPTIONS /students/618dce03841b17e46145807b HTTP/1.1" 204 0
::1 - - [12/Nov/2021:02:14:53 +0000] "DELETE /students/618dce03841b17e46145807b HTTP/1.1" 200 38
::1 - - [12/Nov/2021:02:14:53 +0000] "GET /students/ HTTP/1.1" 200 1633
::1 - - [12/Nov/2021:02:14:54 +0000] "OPTIONS /students/618dce09841b17e46145807c HTTP/1.1" 204 0
::1 - - [12/Nov/2021:02:14:54 +0000] "DELETE /students/618dce09841b17e46145807c HTTP/1.1" 200 38
::1 - - [12/Nov/2021:02:14:54 +0000] "GET /students/ HTTP/1.1" 200 1531
::1 - - [12/Nov/2021:02:14:54 +0000] "OPTIONS /students/618dce09841b17e46145807d HTTP/1.1" 204 0
::1 - - [12/Nov/2021:02:14:54 +0000] "DELETE /students/618dce09841b17e46145807d HTTP/1.1" 200 38
::1 - - [12/Nov/2021:02:14:54 +0000] "GET /students/ HTTP/1.1" 200 1429
::1 - - [12/Nov/2021:02:14:54 +0000] "OPTIONS /students/618dce0a841b17e46145807e HTTP/1.1" 204 0
::1 - - [12/Nov/2021:02:14:54 +0000] "DELETE /students/618dce0a841b17e46145807e HTTP/1.1" 200 38
::1 - - [12/Nov/2021:02:14:55 +0000] "GET /students/ HTTP/1.1" 200 1327
::1 - - [12/Nov/2021:02:14:55 +0000] "OPTIONS /students/618dce0a841b17e46145807f HTTP/1.1" 204 0
::1 - - [12/Nov/2021:02:14:55 +0000] "DELETE /students/618dce0a841b17e46145807f HTTP/1.1" 200 38
::1 - - [12/Nov/2021:02:14:55 +0000] "GET /students/ HTTP/1.1" 200 1225
::1 - - [12/Nov/2021:02:14:55 +0000] "OPTIONS /students/618dce0a841b17e461458080 HTTP/1.1" 204 0
::1 - - [12/Nov/2021:02:14:55 +0000] "DELETE /students/618dce0a841b17e461458080 HTTP/1.1" 200 38
::1 - - [12/Nov/2021:02:14:55 +0000] "GET /students/ HTTP/1.1" 200 1123
::1 - - [12/Nov/2021:02:14:55 +0000] "OPTIONS /students/618dce0a841b17e461458081 HTTP/1.1" 204 0
::1 - - [12/Nov/2021:02:14:55 +0000] "DELETE /students/618dce0a841b17e461458081 HTTP/1.1" 200 38
::1 - - [12/Nov/2021:02:14:55 +0000] "GET /students/ HTTP/1.1" 200 1021
::1 - - [12/Nov/2021:02:14:55 +0000] "OPTIONS /students/618dce0a841b17e461458082 HTTP/1.1" 204 0
::1 - - [12/Nov/2021:02:14:55 +0000] "DELETE /students/618dce0a841b17e461458082 HTTP/1.1" 200 38
::1 - - [12/Nov/2021:02:14:55 +0000] "GET /students/ HTTP/1.1" 200 919
::1 - - [12/Nov/2021:02:14:56 +0000] "OPTIONS /students/618dce0b841b17e461458083 HTTP/1.1" 204 0
::1 - - [12/Nov/2021:02:14:56 +0000] "DELETE /students/618dce0b841b17e461458083 HTTP/1.1" 200 38
::1 - - [12/Nov/2021:02:14:56 +0000] "GET /students/ HTTP/1.1" 200 817
::1 - - [12/Nov/2021:02:14:56 +0000] "DELETE /students/618dce0b841b17e461458083 HTTP/1.1" 200 38
::1 - - [12/Nov/2021:02:14:56 +0000] "GET /students/ HTTP/1.1" 304 -
::1 - - [12/Nov/2021:02:14:56 +0000] "OPTIONS /students/618dce0b841b17e461458084 HTTP/1.1" 204 0
::1 - - [12/Nov/2021:02:14:56 +0000] "DELETE /students/618dce0b841b17e461458084 HTTP/1.1" 200 38
::1 - - [12/Nov/2021:02:14:56 +0000] "DELETE /students/618dce0b841b17e461458084 HTTP/1.1" 200 38
::1 - - [12/Nov/2021:02:14:56 +0000] "GET /students/ HTTP/1.1" 200 715
::1 - - [12/Nov/2021:02:14:56 +0000] "GET /students/ HTTP/1.1" 304 -
::1 - - [12/Nov/2021:02:14:56 +0000] "OPTIONS /students/618dce0b841b17e461458085 HTTP/1.1" 204 0
::1 - - [12/Nov/2021:02:14:56 +0000] "DELETE /students/618dce0b841b17e461458085 HTTP/1.1" 200 38
::1 - - [12/Nov/2021:02:14:56 +0000] "GET /students/ HTTP/1.1" 200 613
::1 - - [12/Nov/2021:02:14:57 +0000] "OPTIONS /students/618dce0b841b17e461458086 HTTP/1.1" 204 0
::1 - - [12/Nov/2021:02:14:57 +0000] "DELETE /students/618dce0b841b17e461458086 HTTP/1.1" 200 38
::1 - - [12/Nov/2021:02:14:57 +0000] "GET /students/ HTTP/1.1" 200 511
::1 - - [12/Nov/2021:02:14:57 +0000] "OPTIONS /students/618dce0b841b17e461458087 HTTP/1.1" 204 0
::1 - - [12/Nov/2021:02:14:57 +0000] "DELETE /students/618dce0b841b17e461458087 HTTP/1.1" 200 38
::1 - - [12/Nov/2021:02:14:57 +0000] "GET /students/ HTTP/1.1" 200 409
::1 - - [12/Nov/2021:02:14:57 +0000] "OPTIONS /students/618dce0b841b17e461458088 HTTP/1.1" 204 0
::1 - - [12/Nov/2021:02:14:57 +0000] "DELETE /students/618dce0b841b17e461458088 HTTP/1.1" 200 38
::1 - - [12/Nov/2021:02:14:57 +0000] "GET /students/ HTTP/1.1" 200 307
::1 - - [12/Nov/2021:02:14:57 +0000] "OPTIONS /students/618dce12841b17e461458089 HTTP/1.1" 204 0
::1 - - [12/Nov/2021:02:14:57 +0000] "DELETE /students/618dce12841b17e461458089 HTTP/1.1" 200 38
::1 - - [12/Nov/2021:02:14:57 +0000] "GET /students/ HTTP/1.1" 200 205
::1 - - [12/Nov/2021:02:14:57 +0000] "OPTIONS /students/618dce13841b17e46145808a HTTP/1.1" 204 0
::1 - - [12/Nov/2021:02:14:57 +0000] "DELETE /students/618dce13841b17e46145808a HTTP/1.1" 200 38
::1 - - [12/Nov/2021:02:14:57 +0000] "GET /students/ HTTP/1.1" 200 103
::1 - - [12/Nov/2021:02:14:57 +0000] "OPTIONS /students/618dce13841b17e46145808b HTTP/1.1" 204 0
::1 - - [12/Nov/2021:02:14:57 +0000] "DELETE /students/618dce13841b17e46145808b HTTP/1.1" 200 38
::1 - - [12/Nov/2021:02:14:57 +0000] "GET /students/ HTTP/1.1" 200 2
::1 - - [12/Nov/2021:02:15:12 +0000] "GET /students/ HTTP/1.1" 304 -
::1 - - [12/Nov/2021:02:15:22 +0000] "GET /students/ HTTP/1.1" 304 -
::ffff:127.0.0.1 - - [12/Nov/2021:02:15:58 +0000] "POST /students HTTP/1.1" 201 101
::ffff:127.0.0.1 - - [12/Nov/2021:02:15:59 +0000] "POST /students HTTP/1.1" 201 101
::ffff:127.0.0.1 - - [12/Nov/2021:02:15:59 +0000] "POST /students HTTP/1.1" 201 101
::ffff:127.0.0.1 - - [12/Nov/2021:02:15:59 +0000] "POST /students HTTP/1.1" 201 101
::ffff:127.0.0.1 - - [12/Nov/2021:02:15:59 +0000] "POST /students HTTP/1.1" 201 101
::ffff:127.0.0.1 - - [12/Nov/2021:02:15:59 +0000] "POST /students HTTP/1.1" 201 101
::1 - - [12/Nov/2021:02:16:04 +0000] "GET /students/ HTTP/1.1" 200 613
::1 - - [12/Nov/2021:02:16:07 +0000] "OPTIONS /students/618dce5e841b17e46145808d HTTP/1.1" 204 0
::1 - - [12/Nov/2021:02:16:07 +0000] "DELETE /students/618dce5e841b17e46145808d HTTP/1.1" 200 38
::1 - - [12/Nov/2021:02:16:07 +0000] "GET /students/ HTTP/1.1" 200 511
::1 - - [12/Nov/2021:02:16:09 +0000] "OPTIONS /students/618dce5f841b17e46145808e HTTP/1.1" 204 0
::1 - - [12/Nov/2021:02:16:09 +0000] "DELETE /students/618dce5f841b17e46145808e HTTP/1.1" 200 38
::1 - - [12/Nov/2021:02:16:09 +0000] "GET /students/ HTTP/1.1" 200 409
::1 - - [12/Nov/2021:02:16:10 +0000] "OPTIONS /students/618dce5f841b17e46145808f HTTP/1.1" 204 0
::1 - - [12/Nov/2021:02:16:10 +0000] "DELETE /students/618dce5f841b17e46145808f HTTP/1.1" 200 38
::1 - - [12/Nov/2021:02:16:10 +0000] "GET /students/ HTTP/1.1" 200 307
::1 - - [12/Nov/2021:02:18:35 +0000] "GET /students/ HTTP/1.1" 304 -
::1 - - [12/Nov/2021:02:19:24 +0000] "GET /students/ HTTP/1.1" 304 -
::1 - - [12/Nov/2021:02:20:35 +0000] "GET /students/ HTTP/1.1" 304 -
::1 - - [12/Nov/2021:02:21:29 +0000] "GET /students/ HTTP/1.1" 304 -
::1 - - [12/Nov/2021:02:22:57 +0000] "GET /students/ HTTP/1.1" 304 -
::1 - - [12/Nov/2021:02:22:59 +0000] "OPTIONS /students/618dce5f841b17e461458092 HTTP/1.1" 204 0
::1 - - [12/Nov/2021:02:22:59 +0000] "DELETE /students/618dce5f841b17e461458092 HTTP/1.1" 200 38
::1 - - [12/Nov/2021:02:22:59 +0000] "GET /students/ HTTP/1.1" 200 205
::1 - - [12/Nov/2021:02:24:23 +0000] "GET /students/ HTTP/1.1" 304 -
::1 - - [12/Nov/2021:02:24:32 +0000] "GET /students/ HTTP/1.1" 304 -
::1 - - [12/Nov/2021:02:24:33 +0000] "OPTIONS /students/618dce5f841b17e461458091 HTTP/1.1" 204 0
::1 - - [12/Nov/2021:02:24:33 +0000] "DELETE /students/618dce5f841b17e461458091 HTTP/1.1" 200 38
::1 - - [12/Nov/2021:02:24:33 +0000] "GET /students/ HTTP/1.1" 200 103
::1 - - [12/Nov/2021:02:24:59 +0000] "GET /students/ HTTP/1.1" 304 -
::1 - - [12/Nov/2021:02:25:03 +0000] "GET /students/ HTTP/1.1" 304 -
::1 - - [12/Nov/2021:02:25:05 +0000] "GET /students/ HTTP/1.1" 304 -
::1 - - [12/Nov/2021:02:25:06 +0000] "GET /students/ HTTP/1.1" 304 -
::1 - - [12/Nov/2021:02:25:07 +0000] "GET /students/ HTTP/1.1" 304 -
::1 - - [12/Nov/2021:02:25:09 +0000] "GET /students/ HTTP/1.1" 304 -
::1 - - [12/Nov/2021:02:26:10 +0000] "GET /students/ HTTP/1.1" 304 -
::1 - - [12/Nov/2021:02:26:11 +0000] "GET /students/ HTTP/1.1" 304 -
::1 - - [12/Nov/2021:02:26:13 +0000] "GET /students/ HTTP/1.1" 304 -
::1 - - [12/Nov/2021:02:26:22 +0000] "GET /students/ HTTP/1.1" 304 -
::1 - - [12/Nov/2021:02:26:28 +0000] "GET /students/ HTTP/1.1" 304 -
::1 - - [12/Nov/2021:02:26:29 +0000] "GET /students/ HTTP/1.1" 304 -
::1 - - [12/Nov/2021:02:27:34 +0000] "GET /students/ HTTP/1.1" 304 -
::1 - - [12/Nov/2021:02:27:35 +0000] "GET /students/ HTTP/1.1" 304 -
::1 - - [12/Nov/2021:02:27:44 +0000] "GET /students/ HTTP/1.1" 304 -
::1 - - [12/Nov/2021:02:27:48 +0000] "GET /students/ HTTP/1.1" 304 -
::1 - - [12/Nov/2021:02:27:56 +0000] "GET /students/ HTTP/1.1" 304 -
::1 - - [12/Nov/2021:02:27:59 +0000] "GET /students/ HTTP/1.1" 304 -
::1 - - [12/Nov/2021:02:28:03 +0000] "GET /students/ HTTP/1.1" 304 -
::1 - - [12/Nov/2021:02:28:04 +0000] "GET /students/ HTTP/1.1" 304 -
::1 - - [12/Nov/2021:02:44:30 +0000] "GET /students/ HTTP/1.1" 304 -
::1 - - [12/Nov/2021:02:44:32 +0000] "GET /students/ HTTP/1.1" 304 -
::1 - - [12/Nov/2021:02:52:49 +0000] "GET /students/ HTTP/1.1" 304 -
::1 - - [12/Nov/2021:02:52:50 +0000] "GET /students/ HTTP/1.1" 304 -
::1 - - [12/Nov/2021:02:53:26 +0000] "GET /students/ HTTP/1.1" 304 -
::1 - - [12/Nov/2021:02:53:28 +0000] "GET /students/ HTTP/1.1" 304 -
::1 - - [12/Nov/2021:02:53:29 +0000] "GET /students/ HTTP/1.1" 304 -
::1 - - [12/Nov/2021:02:53:39 +0000] "GET /students/ HTTP/1.1" 304 -
::1 - - [12/Nov/2021:02:53:40 +0000] "GET /students/ HTTP/1.1" 304 -
::1 - - [12/Nov/2021:02:53:41 +0000] "GET /students/ HTTP/1.1" 304 -
::1 - - [12/Nov/2021:02:53:43 +0000] "GET /students/ HTTP/1.1" 304 -
::1 - - [12/Nov/2021:02:53:44 +0000] "GET /students/ HTTP/1.1" 304 -
::1 - - [12/Nov/2021:02:53:52 +0000] "GET /students/ HTTP/1.1" 304 -
::1 - - [12/Nov/2021:02:55:54 +0000] "OPTIONS /students/618dce5f841b17e461458090 HTTP/1.1" 204 0
::1 - - [12/Nov/2021:02:55:54 +0000] "DELETE /students/618dce5f841b17e461458090 HTTP/1.1" 200 38
::1 - - [12/Nov/2021:02:55:54 +0000] "GET /students/ HTTP/1.1" 200 2
::1 - - [12/Nov/2021:02:55:56 +0000] "GET /students/ HTTP/1.1" 304 -
::1 - - [12/Nov/2021:02:55:57 +0000] "GET /students/ HTTP/1.1" 304 -
::1 - - [12/Nov/2021:02:55:58 +0000] "GET /students/ HTTP/1.1" 304 -
::1 - - [12/Nov/2021:03:05:13 +0000] "GET /students/ HTTP/1.1" 304 -
::1 - - [12/Nov/2021:03:05:14 +0000] "GET /students/ HTTP/1.1" 304 -
::1 - - [12/Nov/2021:03:05:37 +0000] "GET /students/ HTTP/1.1" 304 -
::1 - - [12/Nov/2021:03:06:19 +0000] "GET /students/ HTTP/1.1" 304 -
::1 - - [12/Nov/2021:03:06:20 +0000] "GET /students/ HTTP/1.1" 304 -
::1 - - [12/Nov/2021:03:06:21 +0000] "GET /students/ HTTP/1.1" 304 -
::1 - - [12/Nov/2021:03:07:24 +0000] "GET /students/ HTTP/1.1" 304 -
::1 - - [12/Nov/2021:03:07:25 +0000] "GET /students/ HTTP/1.1" 304 -
::1 - - [12/Nov/2021:03:09:39 +0000] "GET /students/ HTTP/1.1" 304 -
::1 - - [12/Nov/2021:03:09:55 +0000] "GET /students/ HTTP/1.1" 304 -
::1 - - [12/Nov/2021:03:09:56 +0000] "GET /students/ HTTP/1.1" 304 -
::1 - - [12/Nov/2021:03:10:06 +0000] "GET /students/ HTTP/1.1" 304 -
::1 - - [12/Nov/2021:03:10:11 +0000] "GET /students/ HTTP/1.1" 304 -
::1 - - [12/Nov/2021:03:10:15 +0000] "GET /students/ HTTP/1.1" 304 -
::1 - - [12/Nov/2021:03:10:17 +0000] "GET /students/ HTTP/1.1" 304 -
::1 - - [12/Nov/2021:03:10:19 +0000] "GET /students/ HTTP/1.1" 304 -
::1 - - [12/Nov/2021:03:10:30 +0000] "GET /students/ HTTP/1.1" 304 -
::1 - - [12/Nov/2021:03:10:34 +0000] "GET /students/ HTTP/1.1" 304 -
::1 - - [12/Nov/2021:03:10:36 +0000] "GET /students/ HTTP/1.1" 304 -
::1 - - [12/Nov/2021:03:11:34 +0000] "GET /students/ HTTP/1.1" 304 -
::1 - - [12/Nov/2021:03:11:41 +0000] "GET /students/ HTTP/1.1" 304 -
::1 - - [12/Nov/2021:03:12:27 +0000] "GET /students/ HTTP/1.1" 304 -
::1 - - [12/Nov/2021:03:14:29 +0000] "GET /students/ HTTP/1.1" 304 -
::1 - - [12/Nov/2021:03:14:41 +0000] "GET /students/ HTTP/1.1" 304 -
::1 - - [12/Nov/2021:03:14:42 +0000] "GET /students/ HTTP/1.1" 304 -
::1 - - [12/Nov/2021:03:14:58 +0000] "GET /students/ HTTP/1.1" 304 -
::1 - - [12/Nov/2021:03:15:07 +0000] "GET /students/ HTTP/1.1" 304 -
::1 - - [12/Nov/2021:03:15:17 +0000] "GET /students/ HTTP/1.1" 304 -
::1 - - [12/Nov/2021:03:15:19 +0000] "GET /students/ HTTP/1.1" 304 -
::1 - - [12/Nov/2021:03:15:20 +0000] "GET /students/ HTTP/1.1" 304 -
::1 - - [12/Nov/2021:03:15:22 +0000] "GET /students/ HTTP/1.1" 304 -
::1 - - [12/Nov/2021:03:15:32 +0000] "GET /students/ HTTP/1.1" 304 -
::1 - - [12/Nov/2021:03:15:35 +0000] "GET /students/ HTTP/1.1" 304 -
::1 - - [12/Nov/2021:03:15:40 +0000] "GET /students/ HTTP/1.1" 304 -
::1 - - [12/Nov/2021:03:15:45 +0000] "GET /students/ HTTP/1.1" 304 -
::1 - - [12/Nov/2021:03:45:43 +0000] "GET /students/ HTTP/1.1" 304 -
::1 - - [12/Nov/2021:03:46:47 +0000] "GET /students/ HTTP/1.1" 304 -
::1 - - [12/Nov/2021:03:46:56 +0000] "GET /students/ HTTP/1.1" 304 -
::1 - - [12/Nov/2021:03:47:22 +0000] "GET /students/ HTTP/1.1" 304 -
::1 - - [12/Nov/2021:03:47:28 +0000] "GET /students/ HTTP/1.1" 304 -
::1 - - [12/Nov/2021:03:47:33 +0000] "GET /students/ HTTP/1.1" 304 -
::1 - - [12/Nov/2021:03:47:35 +0000] "GET /students/ HTTP/1.1" 304 -
::1 - - [12/Nov/2021:03:48:03 +0000] "GET /students/ HTTP/1.1" 304 -
::1 - - [12/Nov/2021:03:48:15 +0000] "GET /students/ HTTP/1.1" 304 -
::1 - - [12/Nov/2021:03:48:34 +0000] "GET /students/ HTTP/1.1" 304 -
::1 - - [12/Nov/2021:03:48:37 +0000] "GET /students/ HTTP/1.1" 304 -
::1 - - [12/Nov/2021:03:48:45 +0000] "GET /students/ HTTP/1.1" 304 -
::1 - - [12/Nov/2021:03:49:10 +0000] "GET /students/ HTTP/1.1" 304 -
::1 - - [12/Nov/2021:03:49:49 +0000] "GET /students/ HTTP/1.1" 304 -
::1 - - [12/Nov/2021:03:49:53 +0000] "GET /students/ HTTP/1.1" 304 -
::1 - - [12/Nov/2021:03:50:06 +0000] "GET /students/ HTTP/1.1" 304 -
::1 - - [12/Nov/2021:03:51:13 +0000] "GET /students/ HTTP/1.1" 304 -
::ffff:127.0.0.1 - - [12/Nov/2021:03:51:28 +0000] "POST /students HTTP/1.1" 201 101
::ffff:127.0.0.1 - - [12/Nov/2021:03:51:30 +0000] "POST /students HTTP/1.1" 201 101
::ffff:127.0.0.1 - - [12/Nov/2021:03:51:31 +0000] "POST /students HTTP/1.1" 201 101
::1 - - [12/Nov/2021:03:51:34 +0000] "GET /students/ HTTP/1.1" 200 307
::1 - - [12/Nov/2021:04:06:40 +0000] "GET /students/ HTTP/1.1" 304 -
::1 - - [12/Nov/2021:04:06:54 +0000] "GET /students/ HTTP/1.1" 304 -
::1 - - [12/Nov/2021:04:06:56 +0000] "GET /students/ HTTP/1.1" 304 -
::1 - - [12/Nov/2021:04:06:58 +0000] "OPTIONS /students/618de4c0841b17e461458093 HTTP/1.1" 204 0
::1 - - [12/Nov/2021:04:06:58 +0000] "DELETE /students/618de4c0841b17e461458093 HTTP/1.1" 200 38
::1 - - [12/Nov/2021:04:06:58 +0000] "GET /students/ HTTP/1.1" 200 205
::1 - - [12/Nov/2021:04:12:21 +0000] "GET /students/ HTTP/1.1" 304 -
::1 - - [12/Nov/2021:04:12:36 +0000] "GET /students/ HTTP/1.1" 304 -
::1 - - [12/Nov/2021:04:12:39 +0000] "GET /students/ HTTP/1.1" 304 -
::1 - - [12/Nov/2021:04:13:33 +0000] "GET /students/ HTTP/1.1" 304 -
::1 - - [12/Nov/2021:04:55:49 +0000] "GET /students/ HTTP/1.1" 304 -
::1 - - [12/Nov/2021:04:55:52 +0000] "GET /students/ HTTP/1.1" 304 -
::1 - - [12/Nov/2021:04:55:53 +0000] "GET /students/ HTTP/1.1" 304 -
::1 - - [12/Nov/2021:04:56:53 +0000] "GET /students/ HTTP/1.1" 304 -
::1 - - [12/Nov/2021:04:56:54 +0000] "GET /students/ HTTP/1.1" 304 -
::1 - - [12/Nov/2021:04:58:33 +0000] "GET /students/ HTTP/1.1" 304 -
::1 - - [12/Nov/2021:04:59:26 +0000] "GET /students/ HTTP/1.1" 304 -
::1 - - [12/Nov/2021:04:59:28 +0000] "GET /students/ HTTP/1.1" 304 -
::1 - - [12/Nov/2021:04:59:29 +0000] "GET /students/ HTTP/1.1" 304 -
::1 - - [12/Nov/2021:05:02:35 +0000] "GET /students/ HTTP/1.1" 304 -
::1 - - [12/Nov/2021:05:04:07 +0000] "GET /students/ HTTP/1.1" 304 -
::1 - - [12/Nov/2021:05:04:09 +0000] "GET /students/ HTTP/1.1" 304 -
::1 - - [12/Nov/2021:05:04:11 +0000] "GET /students/ HTTP/1.1" 304 -
::1 - - [12/Nov/2021:05:04:21 +0000] "GET /students/ HTTP/1.1" 304 -
::1 - - [12/Nov/2021:05:05:53 +0000] "GET /students/ HTTP/1.1" 304 -
::1 - - [12/Nov/2021:05:05:56 +0000] "GET /students/ HTTP/1.1" 304 -
::1 - - [12/Nov/2021:05:08:12 +0000] "GET /students/ HTTP/1.1" 304 -
::1 - - [12/Nov/2021:05:08:13 +0000] "GET /students/ HTTP/1.1" 304 -
::ffff:127.0.0.1 - - [12/Nov/2021:05:43:11 +0000] "GET /students/ HTTP/1.1" 200 205
::1 - - [12/Nov/2021:05:46:27 +0000] "GET /students/ HTTP/1.1" 304 -
::1 - - [12/Nov/2021:05:52:59 +0000] "GET /students/ HTTP/1.1" 304 -
::1 - - [12/Nov/2021:05:53:01 +0000] "GET /students/ HTTP/1.1" 304 -
::1 - - [12/Nov/2021:05:53:02 +0000] "GET /students/ HTTP/1.1" 304 -
::1 - - [12/Nov/2021:05:53:11 +0000] "GET /students/ HTTP/1.1" 304 -
::1 - - [12/Nov/2021:05:53:55 +0000] "GET /students/ HTTP/1.1" 304 -
::1 - - [12/Nov/2021:05:54:30 +0000] "GET /students/ HTTP/1.1" 304 -
::1 - - [12/Nov/2021:05:55:00 +0000] "GET /students/ HTTP/1.1" 304 -
::1 - - [12/Nov/2021:05:55:06 +0000] "GET /students/ HTTP/1.1" 304 -
::1 - - [12/Nov/2021:05:55:29 +0000] "GET /students/ HTTP/1.1" 304 -
::1 - - [12/Nov/2021:05:55:32 +0000] "GET /students/ HTTP/1.1" 304 -
::1 - - [12/Nov/2021:05:55:49 +0000] "GET /students/ HTTP/1.1" 304 -
::1 - - [12/Nov/2021:05:55:55 +0000] "GET /students/ HTTP/1.1" 304 -
::1 - - [12/Nov/2021:05:56:34 +0000] "GET /students/ HTTP/1.1" 304 -
::1 - - [12/Nov/2021:05:56:42 +0000] "GET /students/ HTTP/1.1" 304 -
::1 - - [12/Nov/2021:05:57:16 +0000] "GET /students/ HTTP/1.1" 304 -
::1 - - [12/Nov/2021:05:57:27 +0000] "GET /students/ HTTP/1.1" 304 -
::1 - - [12/Nov/2021:05:57:33 +0000] "GET /students/ HTTP/1.1" 304 -
::1 - - [12/Nov/2021:05:58:34 +0000] "GET /students/ HTTP/1.1" 304 -
::1 - - [12/Nov/2021:05:58:49 +0000] "GET /students/ HTTP/1.1" 304 -
::1 - - [12/Nov/2021:06:00:56 +0000] "GET /students/ HTTP/1.1" 304 -
::1 - - [12/Nov/2021:06:02:09 +0000] "GET /students/ HTTP/1.1" 304 -
::1 - - [12/Nov/2021:06:02:10 +0000] "GET /students/ HTTP/1.1" 304 -
::1 - - [12/Nov/2021:06:03:00 +0000] "GET /students/ HTTP/1.1" 304 -
::1 - - [12/Nov/2021:06:03:04 +0000] "GET /students/ HTTP/1.1" 304 -
::1 - - [12/Nov/2021:06:03:16 +0000] "GET /students/ HTTP/1.1" 304 -
::1 - - [12/Nov/2021:06:03:18 +0000] "GET /students/ HTTP/1.1" 304 -
::1 - - [12/Nov/2021:06:05:06 +0000] "GET /students/ HTTP/1.1" 304 -
::1 - - [12/Nov/2021:06:05:09 +0000] "GET /students/ HTTP/1.1" 304 -
::1 - - [12/Nov/2021:06:05:25 +0000] "GET /students/ HTTP/1.1" 304 -
::1 - - [12/Nov/2021:06:05:46 +0000] "GET /students/ HTTP/1.1" 304 -
::1 - - [12/Nov/2021:06:05:48 +0000] "GET /students/ HTTP/1.1" 304 -
::1 - - [12/Nov/2021:06:06:56 +0000] "GET /students/ HTTP/1.1" 304 -
::1 - - [12/Nov/2021:06:07:04 +0000] "GET /students/ HTTP/1.1" 304 -
::1 - - [12/Nov/2021:06:08:43 +0000] "GET /students/ HTTP/1.1" 304 -
::1 - - [12/Nov/2021:06:08:47 +0000] "GET /students/ HTTP/1.1" 304 -
::1 - - [12/Nov/2021:06:10:03 +0000] "GET /students/ HTTP/1.1" 304 -
::1 - - [12/Nov/2021:06:10:06 +0000] "GET /students/ HTTP/1.1" 304 -
::1 - - [12/Nov/2021:06:10:10 +0000] "GET /students/ HTTP/1.1" 304 -
::1 - - [12/Nov/2021:06:10:52 +0000] "GET /students/ HTTP/1.1" 304 -
::1 - - [12/Nov/2021:06:10:54 +0000] "GET /students/ HTTP/1.1" 304 -
::1 - - [12/Nov/2021:06:15:27 +0000] "GET /students/ HTTP/1.1" 304 -
::1 - - [12/Nov/2021:06:15:32 +0000] "GET /students/ HTTP/1.1" 304 -
::1 - - [12/Nov/2021:06:15:52 +0000] "GET /students/ HTTP/1.1" 304 -
::1 - - [12/Nov/2021:06:15:53 +0000] "GET /students/ HTTP/1.1" 304 -
::1 - - [12/Nov/2021:06:17:15 +0000] "GET /students/ HTTP/1.1" 304 -
::1 - - [12/Nov/2021:06:21:12 +0000] "GET /students/ HTTP/1.1" 304 -
::1 - - [12/Nov/2021:06:21:17 +0000] "GET /students/ HTTP/1.1" 304 -
::1 - - [12/Nov/2021:06:21:21 +0000] "GET /students/ HTTP/1.1" 304 -
::1 - - [12/Nov/2021:06:21:27 +0000] "GET /students/ HTTP/1.1" 304 -
::1 - - [12/Nov/2021:06:24:08 +0000] "GET /students/ HTTP/1.1" 304 -
::1 - - [12/Nov/2021:06:24:24 +0000] "GET /students/ HTTP/1.1" 304 -
::1 - - [12/Nov/2021:06:24:33 +0000] "GET /students/ HTTP/1.1" 304 -
::1 - - [12/Nov/2021:06:25:45 +0000] "GET /students/ HTTP/1.1" 304 -
::1 - - [12/Nov/2021:06:25:47 +0000] "GET /students/ HTTP/1.1" 304 -
::1 - - [12/Nov/2021:06:25:54 +0000] "GET /students/ HTTP/1.1" 304 -
::1 - - [12/Nov/2021:06:26:43 +0000] "GET /students/ HTTP/1.1" 304 -
::1 - - [12/Nov/2021:06:26:47 +0000] "GET /students/ HTTP/1.1" 304 -
::1 - - [12/Nov/2021:06:26:55 +0000] "GET /students/ HTTP/1.1" 200 205
::1 - - [12/Nov/2021:06:28:10 +0000] "GET /students/ HTTP/1.1" 304 -
::1 - - [12/Nov/2021:06:28:13 +0000] "GET /students/ HTTP/1.1" 304 -
::1 - - [12/Nov/2021:06:28:36 +0000] "GET /students/ HTTP/1.1" 304 -
::1 - - [12/Nov/2021:06:28:48 +0000] "GET /students/ HTTP/1.1" 304 -
::1 - - [12/Nov/2021:06:28:56 +0000] "GET /students/ HTTP/1.1" 304 -
::1 - - [12/Nov/2021:06:28:57 +0000] "GET /students/ HTTP/1.1" 304 -
::1 - - [12/Nov/2021:06:29:07 +0000] "GET /students/ HTTP/1.1" 304 -
::1 - - [12/Nov/2021:06:29:13 +0000] "GET /students/ HTTP/1.1" 304 -
::1 - - [12/Nov/2021:06:31:47 +0000] "GET /students/ HTTP/1.1" 304 -
::1 - - [12/Nov/2021:06:34:49 +0000] "GET /students/ HTTP/1.1" 304 -
::1 - - [12/Nov/2021:06:35:48 +0000] "GET /students/ HTTP/1.1" 304 -
::1 - - [12/Nov/2021:06:36:11 +0000] "GET /students/ HTTP/1.1" 304 -
::1 - - [12/Nov/2021:06:36:54 +0000] "GET /students/ HTTP/1.1" 304 -
::1 - - [12/Nov/2021:06:37:21 +0000] "GET /students/ HTTP/1.1" 304 -
::1 - - [12/Nov/2021:06:37:48 +0000] "GET /students/ HTTP/1.1" 304 -
::1 - - [12/Nov/2021:06:37:51 +0000] "GET /students/ HTTP/1.1" 304 -
::1 - - [12/Nov/2021:06:37:54 +0000] "GET /students/ HTTP/1.1" 304 -
::1 - - [12/Nov/2021:06:37:55 +0000] "GET /students/ HTTP/1.1" 304 -
::1 - - [12/Nov/2021:06:38:22 +0000] "GET /students/ HTTP/1.1" 304 -
::1 - - [12/Nov/2021:06:38:42 +0000] "GET /students/ HTTP/1.1" 304 -
::1 - - [12/Nov/2021:06:38:42 +0000] "GET /students/ HTTP/1.1" 304 -
::1 - - [12/Nov/2021:06:38:48 +0000] "GET /students/ HTTP/1.1" 304 -
::1 - - [12/Nov/2021:06:38:48 +0000] "GET /students/ HTTP/1.1" 304 -
::1 - - [12/Nov/2021:06:38:53 +0000] "GET /students/ HTTP/1.1" 304 -
::1 - - [12/Nov/2021:06:38:53 +0000] "GET /students/ HTTP/1.1" 304 -
::1 - - [12/Nov/2021:06:38:58 +0000] "GET /students/ HTTP/1.1" 304 -
::1 - - [12/Nov/2021:06:38:58 +0000] "GET /students/ HTTP/1.1" 304 -
::1 - - [12/Nov/2021:06:38:59 +0000] "GET /students/ HTTP/1.1" 304 -
::1 - - [12/Nov/2021:06:38:59 +0000] "GET /students/ HTTP/1.1" 304 -
::1 - - [12/Nov/2021:06:39:11 +0000] "GET /students/ HTTP/1.1" 304 -
::1 - - [12/Nov/2021:06:39:11 +0000] "GET /students/ HTTP/1.1" 304 -
::1 - - [12/Nov/2021:06:39:16 +0000] "GET /students/ HTTP/1.1" 304 -
::1 - - [12/Nov/2021:06:39:16 +0000] "GET /students/ HTTP/1.1" 304 -
::1 - - [12/Nov/2021:06:39:23 +0000] "GET /students/ HTTP/1.1" 304 -
::1 - - [12/Nov/2021:06:39:23 +0000] "GET /students/ HTTP/1.1" 304 -
::1 - - [12/Nov/2021:06:39:27 +0000] "GET /students/ HTTP/1.1" 304 -
::1 - - [12/Nov/2021:06:39:27 +0000] "GET /students/ HTTP/1.1" 304 -
::1 - - [12/Nov/2021:06:39:30 +0000] "GET /students/ HTTP/1.1" 304 -
::1 - - [12/Nov/2021:06:39:30 +0000] "GET /students/ HTTP/1.1" 304 -
::1 - - [12/Nov/2021:06:39:46 +0000] "GET /students/ HTTP/1.1" 304 -
::1 - - [12/Nov/2021:06:39:46 +0000] "GET /students/ HTTP/1.1" 304 -
::1 - - [12/Nov/2021:06:39:48 +0000] "GET /students/ HTTP/1.1" 304 -
::1 - - [12/Nov/2021:06:39:48 +0000] "GET /students/ HTTP/1.1" 304 -
::1 - - [12/Nov/2021:06:40:43 +0000] "GET /students/ HTTP/1.1" 200 205
::1 - - [12/Nov/2021:06:41:10 +0000] "GET /students/ HTTP/1.1" 304 -
::1 - - [12/Nov/2021:06:41:10 +0000] "GET /students/ HTTP/1.1" 304 -
::1 - - [12/Nov/2021:06:42:42 +0000] "GET /students/ HTTP/1.1" - -
::1 - - [12/Nov/2021:06:42:42 +0000] "GET /students/ HTTP/1.1" 200 205
::1 - - [12/Nov/2021:06:42:42 +0000] "GET /students/ HTTP/1.1" 304 -
::1 - - [12/Nov/2021:06:43:18 +0000] "GET /students/ HTTP/1.1" 304 -
::1 - - [12/Nov/2021:06:43:18 +0000] "GET /students/ HTTP/1.1" 304 -
::1 - - [12/Nov/2021:06:43:20 +0000] "GET /students/ HTTP/1.1" 304 -
::1 - - [12/Nov/2021:06:43:20 +0000] "GET /students/ HTTP/1.1" 304 -
::1 - - [12/Nov/2021:06:43:30 +0000] "GET /students/ HTTP/1.1" 304 -
::1 - - [12/Nov/2021:06:43:30 +0000] "GET /students/ HTTP/1.1" 304 -
::1 - - [12/Nov/2021:06:43:58 +0000] "GET /students/ HTTP/1.1" 304 -
::1 - - [12/Nov/2021:06:43:58 +0000] "GET /students/ HTTP/1.1" 304 -
::1 - - [12/Nov/2021:06:44:04 +0000] "GET /students/ HTTP/1.1" 304 -
::1 - - [12/Nov/2021:06:44:04 +0000] "GET /students/ HTTP/1.1" 304 -
::1 - - [12/Nov/2021:06:44:37 +0000] "GET /students/ HTTP/1.1" 304 -
::1 - - [12/Nov/2021:06:44:37 +0000] "GET /students/ HTTP/1.1" 304 -
::1 - - [12/Nov/2021:06:44:54 +0000] "GET /students/ HTTP/1.1" 304 -
::1 - - [12/Nov/2021:06:44:55 +0000] "GET /students/ HTTP/1.1" 304 -
::1 - - [12/Nov/2021:06:44:59 +0000] "GET /students/ HTTP/1.1" 304 -
::1 - - [12/Nov/2021:06:44:59 +0000] "GET /students/ HTTP/1.1" 304 -
::1 - - [12/Nov/2021:06:46:21 +0000] "GET /students/ HTTP/1.1" 304 -
::1 - - [12/Nov/2021:06:46:21 +0000] "GET /students/ HTTP/1.1" 304 -
::1 - - [12/Nov/2021:06:46:53 +0000] "GET /students/ HTTP/1.1" 304 -
::1 - - [12/Nov/2021:06:46:53 +0000] "GET /students/ HTTP/1.1" 304 -
::1 - - [12/Nov/2021:06:47:01 +0000] "GET /students/ HTTP/1.1" 304 -
::1 - - [12/Nov/2021:06:47:01 +0000] "GET /students/ HTTP/1.1" 304 -
::1 - - [12/Nov/2021:06:47:56 +0000] "GET /students/ HTTP/1.1" 304 -
::1 - - [12/Nov/2021:06:47:56 +0000] "GET /students/ HTTP/1.1" 304 -
::1 - - [12/Nov/2021:06:47:59 +0000] "GET /students/ HTTP/1.1" 304 -
::1 - - [12/Nov/2021:06:47:59 +0000] "GET /students/ HTTP/1.1" 304 -
::1 - - [12/Nov/2021:06:48:41 +0000] "GET /students/ HTTP/1.1" 304 -
::1 - - [12/Nov/2021:06:48:41 +0000] "GET /students/ HTTP/1.1" 304 -
::1 - - [12/Nov/2021:06:48:44 +0000] "GET /students/ HTTP/1.1" 304 -
::1 - - [12/Nov/2021:06:48:44 +0000] "GET /students/ HTTP/1.1" 304 -
::1 - - [12/Nov/2021:06:50:23 +0000] "GET /students/ HTTP/1.1" 304 -
::1 - - [12/Nov/2021:06:50:23 +0000] "GET /students/ HTTP/1.1" 304 -
::1 - - [12/Nov/2021:06:50:25 +0000] "GET /students/ HTTP/1.1" 304 -
::1 - - [12/Nov/2021:06:50:25 +0000] "GET /students/ HTTP/1.1" 304 -
::1 - - [12/Nov/2021:06:50:28 +0000] "GET /students/ HTTP/1.1" 304 -
::1 - - [12/Nov/2021:06:50:28 +0000] "GET /students/ HTTP/1.1" 304 -
::1 - - [12/Nov/2021:06:50:30 +0000] "GET /students/ HTTP/1.1" 304 -
::1 - - [12/Nov/2021:06:50:30 +0000] "GET /students/ HTTP/1.1" 304 -
::1 - - [12/Nov/2021:06:50:45 +0000] "GET /students/ HTTP/1.1" 304 -
::1 - - [12/Nov/2021:06:50:45 +0000] "GET /students/ HTTP/1.1" 304 -
::1 - - [12/Nov/2021:06:50:48 +0000] "GET /students/ HTTP/1.1" 304 -
::1 - - [12/Nov/2021:06:50:48 +0000] "GET /students/ HTTP/1.1" 304 -
::1 - - [12/Nov/2021:06:50:54 +0000] "GET /students/ HTTP/1.1" 304 -
::1 - - [12/Nov/2021:06:50:54 +0000] "GET /students/ HTTP/1.1" 304 -
::1 - - [12/Nov/2021:06:50:58 +0000] "GET /students/ HTTP/1.1" 304 -
::1 - - [12/Nov/2021:06:50:58 +0000] "GET /students/ HTTP/1.1" 304 -
::1 - - [12/Nov/2021:06:51:05 +0000] "GET /students/ HTTP/1.1" 304 -
::1 - - [12/Nov/2021:06:51:05 +0000] "GET /students/ HTTP/1.1" 304 -
::1 - - [12/Nov/2021:06:51:12 +0000] "GET /students/ HTTP/1.1" 304 -
::1 - - [12/Nov/2021:06:51:12 +0000] "GET /students/ HTTP/1.1" 304 -
::1 - - [12/Nov/2021:06:51:17 +0000] "GET /students/ HTTP/1.1" 200 205
::1 - - [12/Nov/2021:06:51:17 +0000] "GET /students/ HTTP/1.1" 200 205
::1 - - [12/Nov/2021:06:51:38 +0000] "GET /students/ HTTP/1.1" 304 -
::1 - - [12/Nov/2021:06:51:38 +0000] "GET /students/ HTTP/1.1" 304 -
::1 - - [12/Nov/2021:06:51:38 +0000] "GET /students/ HTTP/1.1" 304 -
::1 - - [12/Nov/2021:06:51:38 +0000] "GET /students/ HTTP/1.1" 304 -
::1 - - [12/Nov/2021:06:51:51 +0000] "GET /students/ HTTP/1.1" 304 -
::1 - - [12/Nov/2021:06:51:51 +0000] "GET /students/ HTTP/1.1" 304 -
::1 - - [12/Nov/2021:06:58:13 +0000] "GET /students/ HTTP/1.1" 304 -
::1 - - [12/Nov/2021:06:58:13 +0000] "GET /students/ HTTP/1.1" 304 -
::1 - - [12/Nov/2021:06:58:40 +0000] "GET /students/ HTTP/1.1" 304 -
::1 - - [12/Nov/2021:06:58:40 +0000] "GET /students/ HTTP/1.1" 304 -
::1 - - [12/Nov/2021:07:10:06 +0000] "GET /students/ HTTP/1.1" 304 -
::1 - - [12/Nov/2021:07:10:07 +0000] "GET /students/ HTTP/1.1" 304 -
::1 - - [12/Nov/2021:07:20:24 +0000] "GET /students/ HTTP/1.1" 304 -
::1 - - [12/Nov/2021:07:21:14 +0000] "OPTIONS /students/618de4c2841b17e461458094 HTTP/1.1" 204 0
::1 - - [12/Nov/2021:07:21:15 +0000] "DELETE /students/618de4c2841b17e461458094 HTTP/1.1" 200 38
::1 - - [12/Nov/2021:07:21:15 +0000] "GET /students/ HTTP/1.1" 200 103
::1 - - [12/Nov/2021:07:21:17 +0000] "GET /students/ HTTP/1.1" 304 -
::1 - - [12/Nov/2021:07:21:18 +0000] "GET /students/ HTTP/1.1" 304 -
::1 - - [12/Nov/2021:07:21:49 +0000] "GET /students/ HTTP/1.1" 304 -
::1 - - [12/Nov/2021:07:21:56 +0000] "GET /students/ HTTP/1.1" 304 -
::1 - - [12/Nov/2021:07:22:13 +0000] "GET /students/ HTTP/1.1" 304 -
::1 - - [12/Nov/2021:07:22:14 +0000] "GET /students/ HTTP/1.1" 304 -
::1 - - [12/Nov/2021:07:22:54 +0000] "GET /students/ HTTP/1.1" 304 -
::1 - - [12/Nov/2021:07:22:54 +0000] "GET /students/ HTTP/1.1" 304 -
::1 - - [12/Nov/2021:07:22:58 +0000] "GET /students/ HTTP/1.1" 304 -
::1 - - [12/Nov/2021:07:23:19 +0000] "GET /students/ HTTP/1.1" 304 -
::1 - - [12/Nov/2021:07:23:19 +0000] "GET /students/ HTTP/1.1" 304 -
::1 - - [12/Nov/2021:07:23:24 +0000] "GET /students/ HTTP/1.1" 304 -
::1 - - [12/Nov/2021:07:23:24 +0000] "GET /students/ HTTP/1.1" 304 -
::1 - - [12/Nov/2021:07:23:25 +0000] "GET /students/ HTTP/1.1" 304 -
::1 - - [12/Nov/2021:07:23:25 +0000] "GET /students/ HTTP/1.1" 304 -
::1 - - [12/Nov/2021:07:25:12 +0000] "GET /students/ HTTP/1.1" 304 -
::1 - - [12/Nov/2021:07:25:12 +0000] "GET /students/ HTTP/1.1" 304 -
::1 - - [12/Nov/2021:07:25:21 +0000] "GET /students/ HTTP/1.1" 304 -
::1 - - [12/Nov/2021:07:25:30 +0000] "GET /students/ HTTP/1.1" 304 -
::1 - - [12/Nov/2021:07:25:30 +0000] "GET /students/ HTTP/1.1" 304 -
::1 - - [12/Nov/2021:07:28:45 +0000] "GET /students/ HTTP/1.1" 304 -
::1 - - [12/Nov/2021:07:28:45 +0000] "GET /students/ HTTP/1.1" 304 -
::1 - - [12/Nov/2021:07:28:54 +0000] "GET /students/ HTTP/1.1" 304 -
::1 - - [12/Nov/2021:07:29:03 +0000] "GET /students/ HTTP/1.1" 304 -
::1 - - [12/Nov/2021:07:29:03 +0000] "GET /students/ HTTP/1.1" 304 -
::1 - - [12/Nov/2021:07:29:09 +0000] "GET /students/ HTTP/1.1" 304 -
::1 - - [12/Nov/2021:07:29:09 +0000] "GET /students/ HTTP/1.1" 304 -
::ffff:127.0.0.1 - - [12/Nov/2021:16:25:01 +0000] "GET /students/ HTTP/1.1" 200 125
::1 - - [12/Nov/2021:16:40:59 +0000] "GET /students/ HTTP/1.1" 200 125
::1 - - [12/Nov/2021:16:41:58 +0000] "OPTIONS /students/2 HTTP/1.1" 204 0
::1 - - [12/Nov/2021:16:59:43 +0000] "GET /students/ HTTP/1.1" 304 -
::1 - - [12/Nov/2021:17:02:29 +0000] "OPTIONS /students/2 HTTP/1.1" 204 0
::ffff:127.0.0.1 - - [12/Nov/2021:17:05:10 +0000] "DELETE /students/6180d15768c27b4ae321e431 HTTP/1.1" 200 38
::1 - - [12/Nov/2021:17:05:19 +0000] "GET /students/ HTTP/1.1" 304 -
::1 - - [12/Nov/2021:17:05:19 +0000] "GET /favicon.ico HTTP/1.1" 404 150
::1 - - [12/Nov/2021:17:05:29 +0000] "GET /students/ HTTP/1.1" 304 -
::1 - - [12/Nov/2021:17:05:31 +0000] "OPTIONS /students/1 HTTP/1.1" 204 0
::ffff:127.0.0.1 - - [12/Nov/2021:17:06:42 +0000] "GET /students/ HTTP/1.1" 200 125
::ffff:127.0.0.1 - - [12/Nov/2021:17:08:12 +0000] "DELETE /students/2 HTTP/1.1" 200 38
::ffff:127.0.0.1 - - [12/Nov/2021:17:08:19 +0000] "GET /students/ HTTP/1.1" 200 125
::ffff:127.0.0.1 - - [12/Nov/2021:17:08:32 +0000] "DELETE /students/2 HTTP/1.1" 200 38
::ffff:127.0.0.1 - - [12/Nov/2021:17:10:40 +0000] "DELETE /students/2 HTTP/1.1" 200 38
::ffff:127.0.0.1 - - [12/Nov/2021:17:10:45 +0000] "GET /students/ HTTP/1.1" 200 125
::ffff:127.0.0.1 - - [12/Nov/2021:17:10:56 +0000] "GET /students/ HTTP/1.1" 200 125
::1 - - [12/Nov/2021:17:29:07 +0000] "GET /students/ HTTP/1.1" 304 -
::1 - - [12/Nov/2021:17:29:08 +0000] "OPTIONS /students/2 HTTP/1.1" 204 0
::1 - - [12/Nov/2021:17:29:08 +0000] "DELETE /students/2 HTTP/1.1" 200 38
::1 - - [12/Nov/2021:17:29:09 +0000] "GET /students/ HTTP/1.1" 304 -
::ffff:127.0.0.1 - - [12/Nov/2021:17:29:48 +0000] "DELETE /students/2 HTTP/1.1" 200 38
::ffff:127.0.0.1 - - [12/Nov/2021:17:29:54 +0000] "GET /students/ HTTP/1.1" 200 125
::ffff:127.0.0.1 - - [12/Nov/2021:17:30:33 +0000] "POST /students HTTP/1.1" 404 22
::ffff:127.0.0.1 - - [12/Nov/2021:17:30:45 +0000] "GET /students/ HTTP/1.1" 200 125
::ffff:127.0.0.1 - - [12/Nov/2021:17:31:04 +0000] "POST /students HTTP/1.1" 404 22
::ffff:127.0.0.1 - - [12/Nov/2021:17:31:55 +0000] "POST /students HTTP/1.1" 404 22
::ffff:127.0.0.1 - - [12/Nov/2021:17:32:01 +0000] "POST /students HTTP/1.1" 404 22
::ffff:127.0.0.1 - - [12/Nov/2021:17:32:17 +0000] "POST /students HTTP/1.1" 404 22
::ffff:127.0.0.1 - - [12/Nov/2021:17:32:31 +0000] "GET /students/ HTTP/1.1" 200 125
::ffff:127.0.0.1 - - [12/Nov/2021:17:34:18 +0000] "POST /students HTTP/1.1" 404 22
::ffff:127.0.0.1 - - [12/Nov/2021:17:35:13 +0000] "GET /students/ HTTP/1.1" 200 88
::ffff:127.0.0.1 - - [12/Nov/2021:17:35:29 +0000] "GET /students/618ea55f9a02601ba5ef7fdc HTTP/1.1" 200 86
::ffff:127.0.0.1 - - [12/Nov/2021:17:35:40 +0000] "DELETE /students/618ea55f9a02601ba5ef7fdc HTTP/1.1" 200 38
::ffff:127.0.0.1 - - [12/Nov/2021:17:35:46 +0000] "GET /students/search/Tolganay HTTP/1.1" 200 2
::ffff:127.0.0.1 - - [12/Nov/2021:17:35:54 +0000] "POST /students HTTP/1.1" 404 22
::ffff:127.0.0.1 - - [12/Nov/2021:17:37:27 +0000] "POST /students HTTP/1.1" 201 86
::ffff:127.0.0.1 - - [12/Nov/2021:17:37:34 +0000] "POST /students HTTP/1.1" 201 86
::ffff:127.0.0.1 - - [12/Nov/2021:17:37:35 +0000] "POST /students HTTP/1.1" 201 86
::ffff:127.0.0.1 - - [12/Nov/2021:17:37:35 +0000] "POST /students HTTP/1.1" 201 86
::ffff:127.0.0.1 - - [12/Nov/2021:17:37:35 +0000] "POST /students HTTP/1.1" 201 86
::ffff:127.0.0.1 - - [12/Nov/2021:17:37:36 +0000] "POST /students HTTP/1.1" 201 86
::ffff:127.0.0.1 - - [12/Nov/2021:17:37:36 +0000] "POST /students HTTP/1.1" 201 86
::ffff:127.0.0.1 - - [12/Nov/2021:17:37:36 +0000] "POST /students HTTP/1.1" 201 86
::ffff:127.0.0.1 - - [12/Nov/2021:17:37:36 +0000] "POST /students HTTP/1.1" 201 86
::ffff:127.0.0.1 - - [12/Nov/2021:17:37:36 +0000] "POST /students HTTP/1.1" 201 86
::ffff:127.0.0.1 - - [12/Nov/2021:17:37:36 +0000] "POST /students HTTP/1.1" 201 86
::ffff:127.0.0.1 - - [12/Nov/2021:17:37:36 +0000] "POST /students HTTP/1.1" 201 86
::ffff:127.0.0.1 - - [12/Nov/2021:17:37:37 +0000] "POST /students HTTP/1.1" 201 86
::ffff:127.0.0.1 - - [12/Nov/2021:17:37:37 +0000] "POST /students HTTP/1.1" 201 86
::ffff:127.0.0.1 - - [12/Nov/2021:17:37:37 +0000] "POST /students HTTP/1.1" 201 86
::ffff:127.0.0.1 - - [12/Nov/2021:17:37:37 +0000] "POST /students HTTP/1.1" 201 86
::ffff:127.0.0.1 - - [12/Nov/2021:17:37:37 +0000] "POST /students HTTP/1.1" 201 86
::1 - - [12/Nov/2021:17:37:42 +0000] "GET /students/ HTTP/1.1" 200 1480
::1 - - [12/Nov/2021:17:37:45 +0000] "OPTIONS /students/618ea65703c0ccf9ed1beb2d HTTP/1.1" 204 0
::1 - - [12/Nov/2021:17:37:45 +0000] "DELETE /students/618ea65703c0ccf9ed1beb2d HTTP/1.1" 200 38
::1 - - [12/Nov/2021:17:37:45 +0000] "GET /students/ HTTP/1.1" 200 1393
::1 - - [12/Nov/2021:17:37:46 +0000] "OPTIONS /students/618ea65e03c0ccf9ed1beb2e HTTP/1.1" 204 0
::1 - - [12/Nov/2021:17:37:46 +0000] "OPTIONS /students/618ea65e03c0ccf9ed1beb2e HTTP/1.1" 204 0
::1 - - [12/Nov/2021:17:37:46 +0000] "DELETE /students/618ea65e03c0ccf9ed1beb2e HTTP/1.1" 200 38
::1 - - [12/Nov/2021:17:37:46 +0000] "DELETE /students/618ea65e03c0ccf9ed1beb2e HTTP/1.1" 200 38
::1 - - [12/Nov/2021:17:37:46 +0000] "GET /students/ HTTP/1.1" 200 1306
::1 - - [12/Nov/2021:17:37:46 +0000] "GET /students/ HTTP/1.1" 304 -
::1 - - [12/Nov/2021:17:37:46 +0000] "OPTIONS /students/618ea65f03c0ccf9ed1beb2f HTTP/1.1" 204 0
::1 - - [12/Nov/2021:17:37:46 +0000] "OPTIONS /students/618ea65f03c0ccf9ed1beb2f HTTP/1.1" 204 0
::1 - - [12/Nov/2021:17:37:46 +0000] "DELETE /students/618ea65f03c0ccf9ed1beb2f HTTP/1.1" 200 38
::1 - - [12/Nov/2021:17:37:46 +0000] "DELETE /students/618ea65f03c0ccf9ed1beb2f HTTP/1.1" 200 38
::1 - - [12/Nov/2021:17:37:46 +0000] "GET /students/ HTTP/1.1" 200 1219
::1 - - [12/Nov/2021:17:37:46 +0000] "GET /students/ HTTP/1.1" 304 -
::1 - - [12/Nov/2021:17:37:46 +0000] "OPTIONS /students/618ea65f03c0ccf9ed1beb30 HTTP/1.1" 204 0
::1 - - [12/Nov/2021:17:37:46 +0000] "OPTIONS /students/618ea65f03c0ccf9ed1beb30 HTTP/1.1" 204 0
::1 - - [12/Nov/2021:17:37:46 +0000] "DELETE /students/618ea65f03c0ccf9ed1beb30 HTTP/1.1" 200 38
::1 - - [12/Nov/2021:17:37:46 +0000] "DELETE /students/618ea65f03c0ccf9ed1beb30 HTTP/1.1" 200 38
::1 - - [12/Nov/2021:17:37:46 +0000] "GET /students/ HTTP/1.1" 200 1132
::1 - - [12/Nov/2021:17:37:46 +0000] "GET /students/ HTTP/1.1" 304 -
::1 - - [12/Nov/2021:17:37:47 +0000] "OPTIONS /students/618ea65f03c0ccf9ed1beb31 HTTP/1.1" 204 0
::1 - - [12/Nov/2021:17:37:47 +0000] "OPTIONS /students/618ea65f03c0ccf9ed1beb31 HTTP/1.1" 204 0
::1 - - [12/Nov/2021:17:37:47 +0000] "DELETE /students/618ea65f03c0ccf9ed1beb31 HTTP/1.1" 200 38
::1 - - [12/Nov/2021:17:37:47 +0000] "DELETE /students/618ea65f03c0ccf9ed1beb31 HTTP/1.1" 200 38
::1 - - [12/Nov/2021:17:37:47 +0000] "GET /students/ HTTP/1.1" 200 1045
::1 - - [12/Nov/2021:17:37:47 +0000] "GET /students/ HTTP/1.1" 304 -
::1 - - [12/Nov/2021:17:37:47 +0000] "OPTIONS /students/618ea66003c0ccf9ed1beb32 HTTP/1.1" 204 0
::1 - - [12/Nov/2021:17:37:47 +0000] "OPTIONS /students/618ea66003c0ccf9ed1beb32 HTTP/1.1" 204 0
::1 - - [12/Nov/2021:17:37:47 +0000] "DELETE /students/618ea66003c0ccf9ed1beb32 HTTP/1.1" 200 38
::1 - - [12/Nov/2021:17:37:47 +0000] "DELETE /students/618ea66003c0ccf9ed1beb32 HTTP/1.1" 200 38
::1 - - [12/Nov/2021:17:37:47 +0000] "GET /students/ HTTP/1.1" 200 958
::1 - - [12/Nov/2021:17:37:47 +0000] "GET /students/ HTTP/1.1" 304 -
::1 - - [12/Nov/2021:17:37:47 +0000] "OPTIONS /students/618ea66003c0ccf9ed1beb33 HTTP/1.1" 204 0
::1 - - [12/Nov/2021:17:37:47 +0000] "OPTIONS /students/618ea66003c0ccf9ed1beb33 HTTP/1.1" 204 0
::1 - - [12/Nov/2021:17:37:47 +0000] "DELETE /students/618ea66003c0ccf9ed1beb33 HTTP/1.1" 200 38
::1 - - [12/Nov/2021:17:37:47 +0000] "DELETE /students/618ea66003c0ccf9ed1beb33 HTTP/1.1" 200 38
::1 - - [12/Nov/2021:17:37:47 +0000] "GET /students/ HTTP/1.1" 200 871
::1 - - [12/Nov/2021:17:37:47 +0000] "GET /students/ HTTP/1.1" 304 -
::1 - - [12/Nov/2021:17:37:47 +0000] "OPTIONS /students/618ea66003c0ccf9ed1beb34 HTTP/1.1" 204 0
::1 - - [12/Nov/2021:17:37:47 +0000] "OPTIONS /students/618ea66003c0ccf9ed1beb34 HTTP/1.1" 204 0
::1 - - [12/Nov/2021:17:37:47 +0000] "DELETE /students/618ea66003c0ccf9ed1beb34 HTTP/1.1" 200 38
::1 - - [12/Nov/2021:17:37:47 +0000] "DELETE /students/618ea66003c0ccf9ed1beb34 HTTP/1.1" 200 38
::1 - - [12/Nov/2021:17:37:47 +0000] "GET /students/ HTTP/1.1" 200 784
::1 - - [12/Nov/2021:17:37:47 +0000] "GET /students/ HTTP/1.1" 304 -
::1 - - [12/Nov/2021:17:37:48 +0000] "OPTIONS /students/618ea66003c0ccf9ed1beb35 HTTP/1.1" 204 0
::1 - - [12/Nov/2021:17:37:48 +0000] "OPTIONS /students/618ea66003c0ccf9ed1beb35 HTTP/1.1" 204 0
::1 - - [12/Nov/2021:17:37:48 +0000] "DELETE /students/618ea66003c0ccf9ed1beb35 HTTP/1.1" 200 38
::1 - - [12/Nov/2021:17:37:48 +0000] "DELETE /students/618ea66003c0ccf9ed1beb35 HTTP/1.1" 200 38
::1 - - [12/Nov/2021:17:37:48 +0000] "GET /students/ HTTP/1.1" 200 697
::1 - - [12/Nov/2021:17:37:48 +0000] "GET /students/ HTTP/1.1" 304 -
::1 - - [12/Nov/2021:17:37:48 +0000] "OPTIONS /students/618ea66003c0ccf9ed1beb36 HTTP/1.1" 204 0
::1 - - [12/Nov/2021:17:37:48 +0000] "OPTIONS /students/618ea66003c0ccf9ed1beb36 HTTP/1.1" 204 0
::1 - - [12/Nov/2021:17:37:48 +0000] "DELETE /students/618ea66003c0ccf9ed1beb36 HTTP/1.1" 200 38
::1 - - [12/Nov/2021:17:37:48 +0000] "DELETE /students/618ea66003c0ccf9ed1beb36 HTTP/1.1" 200 38
::1 - - [12/Nov/2021:17:37:48 +0000] "GET /students/ HTTP/1.1" 200 610
::1 - - [12/Nov/2021:17:37:48 +0000] "GET /students/ HTTP/1.1" 304 -
::1 - - [12/Nov/2021:17:37:48 +0000] "OPTIONS /students/618ea66003c0ccf9ed1beb37 HTTP/1.1" 204 0
::1 - - [12/Nov/2021:17:37:48 +0000] "OPTIONS /students/618ea66003c0ccf9ed1beb37 HTTP/1.1" 204 0
::1 - - [12/Nov/2021:17:37:48 +0000] "DELETE /students/618ea66003c0ccf9ed1beb37 HTTP/1.1" 200 38
::1 - - [12/Nov/2021:17:37:48 +0000] "DELETE /students/618ea66003c0ccf9ed1beb37 HTTP/1.1" 200 38
::1 - - [12/Nov/2021:17:37:48 +0000] "GET /students/ HTTP/1.1" 200 523
::1 - - [12/Nov/2021:17:37:48 +0000] "GET /students/ HTTP/1.1" 304 -
::1 - - [12/Nov/2021:17:37:49 +0000] "OPTIONS /students/618ea66003c0ccf9ed1beb38 HTTP/1.1" 204 0
::1 - - [12/Nov/2021:17:37:49 +0000] "OPTIONS /students/618ea66003c0ccf9ed1beb38 HTTP/1.1" 204 0
::1 - - [12/Nov/2021:17:37:49 +0000] "DELETE /students/618ea66003c0ccf9ed1beb38 HTTP/1.1" 200 38
::1 - - [12/Nov/2021:17:37:49 +0000] "DELETE /students/618ea66003c0ccf9ed1beb38 HTTP/1.1" 200 38
::1 - - [12/Nov/2021:17:37:49 +0000] "GET /students/ HTTP/1.1" 200 436
::1 - - [12/Nov/2021:17:37:49 +0000] "GET /students/ HTTP/1.1" 304 -
::1 - - [12/Nov/2021:17:37:49 +0000] "OPTIONS /students/618ea66103c0ccf9ed1beb39 HTTP/1.1" 204 0
::1 - - [12/Nov/2021:17:37:49 +0000] "OPTIONS /students/618ea66103c0ccf9ed1beb39 HTTP/1.1" 204 0
::1 - - [12/Nov/2021:17:37:49 +0000] "DELETE /students/618ea66103c0ccf9ed1beb39 HTTP/1.1" 200 38
::1 - - [12/Nov/2021:17:37:49 +0000] "DELETE /students/618ea66103c0ccf9ed1beb39 HTTP/1.1" 200 38
::1 - - [12/Nov/2021:17:37:49 +0000] "GET /students/ HTTP/1.1" 200 349
::1 - - [12/Nov/2021:17:37:49 +0000] "GET /students/ HTTP/1.1" 304 -
::1 - - [12/Nov/2021:17:37:50 +0000] "OPTIONS /students/618ea66103c0ccf9ed1beb3a HTTP/1.1" 204 0
::1 - - [12/Nov/2021:17:37:50 +0000] "DELETE /students/618ea66103c0ccf9ed1beb3a HTTP/1.1" 200 38
::1 - - [12/Nov/2021:17:37:50 +0000] "GET /students/ HTTP/1.1" 200 262
::1 - - [12/Nov/2021:17:37:54 +0000] "GET /students/ HTTP/1.1" 304 -
::1 - - [12/Nov/2021:17:37:55 +0000] "OPTIONS /students/618ea66103c0ccf9ed1beb3c HTTP/1.1" 204 0
::1 - - [12/Nov/2021:17:37:55 +0000] "DELETE /students/618ea66103c0ccf9ed1beb3c HTTP/1.1" 200 38
::1 - - [12/Nov/2021:17:37:55 +0000] "GET /students/ HTTP/1.1" 200 175
::1 - - [12/Nov/2021:17:39:29 +0000] "GET /students/ HTTP/1.1" 304 -
::1 - - [12/Nov/2021:17:39:59 +0000] "GET /students/ HTTP/1.1" 304 -
::1 - - [12/Nov/2021:17:40:02 +0000] "GET /students/ HTTP/1.1" 304 -
::1 - - [12/Nov/2021:17:40:09 +0000] "GET /students/ HTTP/1.1" 304 -
::1 - - [12/Nov/2021:17:40:13 +0000] "GET /students/ HTTP/1.1" 304 -
::1 - - [12/Nov/2021:17:40:19 +0000] "GET /students/ HTTP/1.1" 304 -
::1 - - [12/Nov/2021:17:40:24 +0000] "GET /students/ HTTP/1.1" 304 -
::1 - - [12/Nov/2021:17:40:32 +0000] "GET /students/ HTTP/1.1" 304 -
::1 - - [12/Nov/2021:17:40:37 +0000] "GET /students/ HTTP/1.1" 304 -
::1 - - [12/Nov/2021:17:43:08 +0000] "GET /students/ HTTP/1.1" 304 -
::1 - - [12/Nov/2021:17:44:43 +0000] "GET /students/ HTTP/1.1" 304 -
::1 - - [12/Nov/2021:17:44:45 +0000] "GET /students/ HTTP/1.1" 304 -
::1 - - [12/Nov/2021:17:44:50 +0000] "OPTIONS /students/618ea66103c0ccf9ed1beb3b HTTP/1.1" 204 0
::1 - - [12/Nov/2021:17:44:50 +0000] "DELETE /students/618ea66103c0ccf9ed1beb3b HTTP/1.1" 200 38
::1 - - [12/Nov/2021:17:44:50 +0000] "GET /students/ HTTP/1.1" 200 88
::1 - - [12/Nov/2021:18:11:02 +0000] "GET /students/ HTTP/1.1" 304 -
::1 - - [12/Nov/2021:18:11:08 +0000] "GET /students/ HTTP/1.1" 304 -
::1 - - [12/Nov/2021:18:11:15 +0000] "GET /students/ HTTP/1.1" 304 -
::1 - - [12/Nov/2021:18:11:15 +0000] "GET /students/ HTTP/1.1" 304 -
::1 - - [12/Nov/2021:18:11:16 +0000] "GET /students/ HTTP/1.1" 304 -
::1 - - [12/Nov/2021:18:11:16 +0000] "GET /students/ HTTP/1.1" 304 -
::1 - - [12/Nov/2021:18:13:23 +0000] "GET /students/ HTTP/1.1" 304 -
::1 - - [12/Nov/2021:18:14:51 +0000] "GET /students/ HTTP/1.1" 304 -
::1 - - [12/Nov/2021:18:14:58 +0000] "GET /students/ HTTP/1.1" 304 -
::1 - - [12/Nov/2021:18:19:18 +0000] "GET /students/ HTTP/1.1" 304 -
::1 - - [12/Nov/2021:18:21:05 +0000] "GET /students/ HTTP/1.1" 304 -
::1 - - [12/Nov/2021:18:21:47 +0000] "GET /students/ HTTP/1.1" 304 -
::1 - - [12/Nov/2021:18:22:02 +0000] "GET /students/ HTTP/1.1" 304 -
::1 - - [12/Nov/2021:18:26:00 +0000] "GET /students/ HTTP/1.1" 304 -
::1 - - [12/Nov/2021:18:30:03 +0000] "GET /students/ HTTP/1.1" 304 -
::1 - - [12/Nov/2021:18:30:07 +0000] "GET /students/ HTTP/1.1" 304 -
::1 - - [12/Nov/2021:18:30:17 +0000] "GET /students/ HTTP/1.1" 304 -
::1 - - [12/Nov/2021:18:30:46 +0000] "GET /students/ HTTP/1.1" 304 -
::1 - - [12/Nov/2021:18:30:54 +0000] "OPTIONS /students/618ea66103c0ccf9ed1beb3d HTTP/1.1" 204 0
::1 - - [12/Nov/2021:18:30:54 +0000] "DELETE /students/618ea66103c0ccf9ed1beb3d HTTP/1.1" 200 38
::1 - - [12/Nov/2021:18:30:54 +0000] "GET /students/ HTTP/1.1" 200 2
::1 - - [12/Nov/2021:18:31:05 +0000] "GET /students/ HTTP/1.1" 304 -
::1 - - [12/Nov/2021:19:33:08 +0000] "GET /students/ HTTP/1.1" 304 -
::ffff:127.0.0.1 - - [12/Nov/2021:19:33:31 +0000] "POST /students HTTP/1.1" 201 86
::ffff:127.0.0.1 - - [12/Nov/2021:19:33:31 +0000] "POST /students HTTP/1.1" 201 86
::ffff:127.0.0.1 - - [12/Nov/2021:19:33:31 +0000] "POST /students HTTP/1.1" 201 86
::ffff:127.0.0.1 - - [12/Nov/2021:19:33:31 +0000] "POST /students HTTP/1.1" 201 86
::ffff:127.0.0.1 - - [12/Nov/2021:19:33:31 +0000] "POST /students HTTP/1.1" 201 86
::ffff:127.0.0.1 - - [12/Nov/2021:19:33:31 +0000] "POST /students HTTP/1.1" 201 86
::ffff:127.0.0.1 - - [12/Nov/2021:19:33:31 +0000] "POST /students HTTP/1.1" 201 86
::ffff:127.0.0.1 - - [12/Nov/2021:19:33:32 +0000] "POST /students HTTP/1.1" 201 86
::ffff:127.0.0.1 - - [12/Nov/2021:19:33:32 +0000] "POST /students HTTP/1.1" 201 86
::ffff:127.0.0.1 - - [12/Nov/2021:19:33:32 +0000] "POST /students HTTP/1.1" 201 86
::ffff:127.0.0.1 - - [12/Nov/2021:19:33:32 +0000] "POST /students HTTP/1.1" 201 86
::ffff:127.0.0.1 - - [12/Nov/2021:19:33:32 +0000] "POST /students HTTP/1.1" 201 86
::ffff:127.0.0.1 - - [12/Nov/2021:19:33:32 +0000] "POST /students HTTP/1.1" 201 86
::ffff:127.0.0.1 - - [12/Nov/2021:19:33:32 +0000] "POST /students HTTP/1.1" 201 86
::ffff:127.0.0.1 - - [12/Nov/2021:19:33:33 +0000] "POST /students HTTP/1.1" 201 86
::ffff:127.0.0.1 - - [12/Nov/2021:19:33:33 +0000] "POST /students HTTP/1.1" 201 86
::ffff:127.0.0.1 - - [12/Nov/2021:19:33:33 +0000] "POST /students HTTP/1.1" 201 86
::ffff:127.0.0.1 - - [12/Nov/2021:19:33:33 +0000] "POST /students HTTP/1.1" 201 86
::ffff:127.0.0.1 - - [12/Nov/2021:19:33:33 +0000] "POST /students HTTP/1.1" 201 86
::ffff:127.0.0.1 - - [12/Nov/2021:19:33:33 +0000] "POST /students HTTP/1.1" 201 86
::ffff:127.0.0.1 - - [12/Nov/2021:19:33:34 +0000] "POST /students HTTP/1.1" 201 86
::1 - - [12/Nov/2021:19:33:40 +0000] "GET /students/ HTTP/1.1" 200 1828
::1 - - [12/Nov/2021:19:35:26 +0000] "GET /students/ HTTP/1.1" 304 -
::1 - - [12/Nov/2021:19:35:27 +0000] "GET /students/ HTTP/1.1" 304 -
::1 - - [12/Nov/2021:19:35:37 +0000] "GET /students/ HTTP/1.1" 304 -
::1 - - [12/Nov/2021:19:36:21 +0000] "GET /students/ HTTP/1.1" 304 -
::1 - - [12/Nov/2021:19:36:27 +0000] "OPTIONS /students/618ec18b03c0ccf9ed1beb3e HTTP/1.1" 204 0
::1 - - [12/Nov/2021:19:36:27 +0000] "DELETE /students/618ec18b03c0ccf9ed1beb3e HTTP/1.1" 200 38
::1 - - [12/Nov/2021:19:36:27 +0000] "GET /students/ HTTP/1.1" 200 1741
::1 - - [12/Nov/2021:19:36:29 +0000] "OPTIONS /students/618ec18b03c0ccf9ed1beb3f HTTP/1.1" 204 0
::1 - - [12/Nov/2021:19:36:29 +0000] "OPTIONS /students/618ec18b03c0ccf9ed1beb3f HTTP/1.1" 204 0
::1 - - [12/Nov/2021:19:36:29 +0000] "DELETE /students/618ec18b03c0ccf9ed1beb3f HTTP/1.1" 200 38
::1 - - [12/Nov/2021:19:36:29 +0000] "DELETE /students/618ec18b03c0ccf9ed1beb3f HTTP/1.1" 200 38
::1 - - [12/Nov/2021:19:36:29 +0000] "GET /students/ HTTP/1.1" 200 1654
::1 - - [12/Nov/2021:19:36:29 +0000] "GET /students/ HTTP/1.1" 304 -
::1 - - [12/Nov/2021:19:36:39 +0000] "GET /students/ HTTP/1.1" 304 -
::1 - - [12/Nov/2021:19:36:40 +0000] "GET /students/ HTTP/1.1" 304 -
::1 - - [12/Nov/2021:19:36:45 +0000] "GET /students/ HTTP/1.1" 304 -
::1 - - [12/Nov/2021:19:36:46 +0000] "GET /students/ HTTP/1.1" 304 -
::1 - - [12/Nov/2021:19:36:50 +0000] "GET /students/ HTTP/1.1" 304 -
::1 - - [12/Nov/2021:19:36:55 +0000] "GET /students/ HTTP/1.1" 304 -
::1 - - [12/Nov/2021:19:36:58 +0000] "GET /students/ HTTP/1.1" 304 -
::1 - - [12/Nov/2021:19:37:13 +0000] "GET /students/ HTTP/1.1" 304 -
::1 - - [12/Nov/2021:19:37:20 +0000] "GET /students/ HTTP/1.1" 304 -
::1 - - [12/Nov/2021:19:37:23 +0000] "GET /students/ HTTP/1.1" 304 -
::1 - - [12/Nov/2021:19:37:41 +0000] "GET /students/ HTTP/1.1" 304 -
::1 - - [12/Nov/2021:19:37:44 +0000] "GET /students/ HTTP/1.1" 304 -
::1 - - [12/Nov/2021:19:38:00 +0000] "GET /students/ HTTP/1.1" 304 -
::1 - - [12/Nov/2021:19:38:06 +0000] "GET /students/ HTTP/1.1" 304 -
::1 - - [12/Nov/2021:19:38:12 +0000] "GET /students/ HTTP/1.1" 304 -
::1 - - [12/Nov/2021:19:38:31 +0000] "GET /students/ HTTP/1.1" 304 -
::1 - - [12/Nov/2021:19:38:42 +0000] "GET /students/ HTTP/1.1" 304 -
::1 - - [12/Nov/2021:19:38:43 +0000] "GET /students/ HTTP/1.1" 304 -
::1 - - [12/Nov/2021:19:39:20 +0000] "GET /students/ HTTP/1.1" 304 -
::1 - - [12/Nov/2021:19:39:24 +0000] "GET /students/ HTTP/1.1" 304 -
::1 - - [12/Nov/2021:19:39:30 +0000] "GET /students/ HTTP/1.1" 304 -
::1 - - [12/Nov/2021:19:40:06 +0000] "GET /students/ HTTP/1.1" 304 -
::1 - - [12/Nov/2021:19:42:31 +0000] "GET /students/ HTTP/1.1" 304 -
::1 - - [12/Nov/2021:19:42:42 +0000] "OPTIONS /students/618ec18b03c0ccf9ed1beb40 HTTP/1.1" 204 0
::1 - - [12/Nov/2021:19:42:42 +0000] "DELETE /students/618ec18b03c0ccf9ed1beb40 HTTP/1.1" 200 38
::1 - - [12/Nov/2021:19:42:42 +0000] "GET /students/ HTTP/1.1" 200 1567
::1 - - [12/Nov/2021:19:42:43 +0000] "OPTIONS /students/618ec18b03c0ccf9ed1beb41 HTTP/1.1" 204 0
::1 - - [12/Nov/2021:19:42:43 +0000] "OPTIONS /students/618ec18b03c0ccf9ed1beb41 HTTP/1.1" 204 0
::1 - - [12/Nov/2021:19:42:43 +0000] "DELETE /students/618ec18b03c0ccf9ed1beb41 HTTP/1.1" 200 38
::1 - - [12/Nov/2021:19:42:43 +0000] "DELETE /students/618ec18b03c0ccf9ed1beb41 HTTP/1.1" 200 38
::1 - - [12/Nov/2021:19:42:43 +0000] "GET /students/ HTTP/1.1" 200 1480
::1 - - [12/Nov/2021:19:42:43 +0000] "GET /students/ HTTP/1.1" 304 -
::1 - - [12/Nov/2021:19:42:43 +0000] "OPTIONS /students/618ec18b03c0ccf9ed1beb42 HTTP/1.1" 204 0
::1 - - [12/Nov/2021:19:42:43 +0000] "DELETE /students/618ec18b03c0ccf9ed1beb42 HTTP/1.1" 200 38
::1 - - [12/Nov/2021:19:42:43 +0000] "DELETE /students/618ec18b03c0ccf9ed1beb42 HTTP/1.1" 200 38
::1 - - [12/Nov/2021:19:42:43 +0000] "GET /students/ HTTP/1.1" 200 1393
::1 - - [12/Nov/2021:19:42:43 +0000] "GET /students/ HTTP/1.1" 304 -
::1 - - [12/Nov/2021:19:42:44 +0000] "OPTIONS /students/618ec18b03c0ccf9ed1beb43 HTTP/1.1" 204 0
::1 - - [12/Nov/2021:19:42:44 +0000] "OPTIONS /students/618ec18b03c0ccf9ed1beb43 HTTP/1.1" 204 0
::1 - - [12/Nov/2021:19:42:44 +0000] "DELETE /students/618ec18b03c0ccf9ed1beb43 HTTP/1.1" 200 38
::1 - - [12/Nov/2021:19:42:44 +0000] "DELETE /students/618ec18b03c0ccf9ed1beb43 HTTP/1.1" 200 38
::1 - - [12/Nov/2021:19:42:44 +0000] "GET /students/ HTTP/1.1" 200 1306
::1 - - [12/Nov/2021:19:42:44 +0000] "GET /students/ HTTP/1.1" 304 -
::1 - - [12/Nov/2021:19:42:44 +0000] "OPTIONS /students/618ec18b03c0ccf9ed1beb44 HTTP/1.1" 204 0
::1 - - [12/Nov/2021:19:42:44 +0000] "OPTIONS /students/618ec18b03c0ccf9ed1beb44 HTTP/1.1" 204 0
::1 - - [12/Nov/2021:19:42:44 +0000] "DELETE /students/618ec18b03c0ccf9ed1beb44 HTTP/1.1" 200 38
::1 - - [12/Nov/2021:19:42:44 +0000] "DELETE /students/618ec18b03c0ccf9ed1beb44 HTTP/1.1" 200 38
::1 - - [12/Nov/2021:19:42:44 +0000] "GET /students/ HTTP/1.1" 200 1219
::1 - - [12/Nov/2021:19:42:44 +0000] "GET /students/ HTTP/1.1" 304 -
::1 - - [12/Nov/2021:19:42:44 +0000] "OPTIONS /students/618ec18c03c0ccf9ed1beb45 HTTP/1.1" 204 0
::1 - - [12/Nov/2021:19:42:44 +0000] "DELETE /students/618ec18c03c0ccf9ed1beb45 HTTP/1.1" 200 38
::1 - - [12/Nov/2021:19:42:44 +0000] "GET /students/ HTTP/1.1" 200 1132
::1 - - [12/Nov/2021:19:42:46 +0000] "OPTIONS /students/618ec18c03c0ccf9ed1beb47 HTTP/1.1" 204 0
::1 - - [12/Nov/2021:19:42:46 +0000] "DELETE /students/618ec18c03c0ccf9ed1beb47 HTTP/1.1" 200 38
::1 - - [12/Nov/2021:19:42:46 +0000] "GET /students/ HTTP/1.1" 200 1045
::1 - - [12/Nov/2021:19:42:46 +0000] "OPTIONS /students/618ec18c03c0ccf9ed1beb48 HTTP/1.1" 204 0
::1 - - [12/Nov/2021:19:42:46 +0000] "DELETE /students/618ec18c03c0ccf9ed1beb48 HTTP/1.1" 200 38
::1 - - [12/Nov/2021:19:42:46 +0000] "GET /students/ HTTP/1.1" 200 958
::1 - - [12/Nov/2021:19:42:47 +0000] "OPTIONS /students/618ec18c03c0ccf9ed1beb49 HTTP/1.1" 204 0
::1 - - [12/Nov/2021:19:42:47 +0000] "DELETE /students/618ec18c03c0ccf9ed1beb49 HTTP/1.1" 200 38
::1 - - [12/Nov/2021:19:42:47 +0000] "GET /students/ HTTP/1.1" 200 871
::1 - - [12/Nov/2021:19:42:47 +0000] "OPTIONS /students/618ec18c03c0ccf9ed1beb4a HTTP/1.1" 204 0
::1 - - [12/Nov/2021:19:42:47 +0000] "DELETE /students/618ec18c03c0ccf9ed1beb4a HTTP/1.1" 200 38
::1 - - [12/Nov/2021:19:42:47 +0000] "GET /students/ HTTP/1.1" 200 784
::1 - - [12/Nov/2021:19:42:48 +0000] "OPTIONS /students/618ec18c03c0ccf9ed1beb4b HTTP/1.1" 204 0
::1 - - [12/Nov/2021:19:42:48 +0000] "DELETE /students/618ec18c03c0ccf9ed1beb4b HTTP/1.1" 200 38
::1 - - [12/Nov/2021:19:42:48 +0000] "GET /students/ HTTP/1.1" 200 697
::1 - - [12/Nov/2021:19:42:55 +0000] "GET /students/ HTTP/1.1" 304 -
::1 - - [12/Nov/2021:19:43:12 +0000] "GET /students/ HTTP/1.1" 304 -
::1 - - [12/Nov/2021:19:43:30 +0000] "GET /students/ HTTP/1.1" 304 -
::1 - - [12/Nov/2021:19:43:49 +0000] "GET /students/ HTTP/1.1" 304 -
::1 - - [12/Nov/2021:19:44:17 +0000] "GET /students/ HTTP/1.1" 304 -
::1 - - [12/Nov/2021:19:44:33 +0000] "GET /students/ HTTP/1.1" 304 -
::1 - - [12/Nov/2021:19:44:35 +0000] "GET /students/ HTTP/1.1" 304 -
::1 - - [12/Nov/2021:19:44:42 +0000] "GET /students/ HTTP/1.1" 304 -
::1 - - [12/Nov/2021:19:44:49 +0000] "GET /students/ HTTP/1.1" 304 -
::1 - - [12/Nov/2021:19:45:05 +0000] "GET /students/ HTTP/1.1" 304 -
::1 - - [12/Nov/2021:19:45:15 +0000] "GET /students/ HTTP/1.1" 304 -
::1 - - [12/Nov/2021:19:45:27 +0000] "OPTIONS /students/618ec18e03c0ccf9ed1beb52 HTTP/1.1" 204 0
::1 - - [12/Nov/2021:19:45:27 +0000] "DELETE /students/618ec18e03c0ccf9ed1beb52 HTTP/1.1" 200 38
::1 - - [12/Nov/2021:19:45:27 +0000] "GET /students/ HTTP/1.1" 200 610
::1 - - [12/Nov/2021:19:45:40 +0000] "GET /students/ HTTP/1.1" 304 -
::ffff:127.0.0.1 - - [12/Nov/2021:20:02:02 +0000] "GET /courses/ HTTP/1.1" 404 147
::ffff:127.0.0.1 - - [12/Nov/2021:20:02:20 +0000] "GET /course/ HTTP/1.1" 200 610
::ffff:127.0.0.1 - - [12/Nov/2021:20:02:40 +0000] "POST /course HTTP/1.1" 201 86
::ffff:127.0.0.1 - - [12/Nov/2021:20:02:43 +0000] "DELETE /course/618ea55f9a02601ba5ef7fdc HTTP/1.1" 200 37
::ffff:127.0.0.1 - - [12/Nov/2021:20:02:49 +0000] "GET /course/618ea55f9a02601ba5ef7fdc HTTP/1.1" 200 4
::ffff:127.0.0.1 - - [12/Nov/2021:20:02:53 +0000] "GET /course/search/Tolganay HTTP/1.1" 200 2
::ffff:127.0.0.1 - - [12/Nov/2021:20:02:55 +0000] "GET /course/search/Tolganay HTTP/1.1" 200 2
::1 - - [12/Nov/2021:20:03:30 +0000] "GET /course/ HTTP/1.1" 200 697
::1 - - [12/Nov/2021:20:03:32 +0000] "GET /course/ HTTP/1.1" 304 -
::1 - - [12/Nov/2021:20:03:34 +0000] "OPTIONS /course/618ec18c03c0ccf9ed1beb46 HTTP/1.1" 204 0
::1 - - [12/Nov/2021:20:03:34 +0000] "DELETE /course/618ec18c03c0ccf9ed1beb46 HTTP/1.1" 200 37
::1 - - [12/Nov/2021:20:03:34 +0000] "GET /course/ HTTP/1.1" 200 610
::1 - - [12/Nov/2021:20:03:35 +0000] "OPTIONS /course/618ec18d03c0ccf9ed1beb4c HTTP/1.1" 204 0
::1 - - [12/Nov/2021:20:03:35 +0000] "DELETE /course/618ec18d03c0ccf9ed1beb4c HTTP/1.1" 200 37
::1 - - [12/Nov/2021:20:03:35 +0000] "GET /course/ HTTP/1.1" 200 523
::1 - - [12/Nov/2021:20:13:33 +0000] "GET /course/ HTTP/1.1" 304 -
::1 - - [12/Nov/2021:20:50:10 +0000] "GET /course/ HTTP/1.1" 304 -
::1 - - [12/Nov/2021:20:50:19 +0000] "OPTIONS /course/618ec18d03c0ccf9ed1beb4d HTTP/1.1" 204 0
::1 - - [12/Nov/2021:20:50:19 +0000] "DELETE /course/618ec18d03c0ccf9ed1beb4d HTTP/1.1" 200 37
::1 - - [12/Nov/2021:20:50:19 +0000] "GET /course/ HTTP/1.1" 200 436
::1 - - [12/Nov/2021:20:50:20 +0000] "OPTIONS /course/618ec18d03c0ccf9ed1beb4f HTTP/1.1" 204 0
::1 - - [12/Nov/2021:20:50:20 +0000] "DELETE /course/618ec18d03c0ccf9ed1beb4f HTTP/1.1" 200 37
::1 - - [12/Nov/2021:20:50:20 +0000] "GET /course/ HTTP/1.1" 200 349
::1 - - [12/Nov/2021:21:09:51 +0000] "GET /course/ HTTP/1.1" 304 -
::1 - - [12/Nov/2021:21:09:55 +0000] "GET /course/ HTTP/1.1" 304 -
::1 - - [13/Nov/2021:22:19:17 +0000] "GET /course/ HTTP/1.1" 304 -
::1 - - [13/Nov/2021:22:19:19 +0000] "GET /course/ HTTP/1.1" 304 -
::1 - - [13/Nov/2021:22:29:38 +0000] "GET /course/ HTTP/1.1" 304 -
